<?xml version="1.0" encoding="UTF-8"?>
<testsuite xmlns:xsi="http://www.w3.org/2001/XMLSchema-instance" xsi:noNamespaceSchemaLocation="https://maven.apache.org/surefire/maven-failsafe-plugin/xsd/failsafe-test-report-3.0.xsd" version="3.0" name="starter.CucumberTestSuite" time="29.004" tests="18" errors="0" skipped="0" failures="0">
  <properties>
[...]
</properties>
  <testcase name="Register using a valid full name, email and password" classname="Authentication" time="9.244">
    <system-out><![CDATA[19:17:01.118 [main] DEBUG net.thucydides.core.guice.Injectors - Created injector for module net.thucydides.core.guice.ThucydidesModule
19:17:02.043 [main] INFO io.cucumber.core.plugin.SerenityReporter - Running feature from file:///E:/RestAPi/src/test/resources/api/Authentication.feature
19:17:02.044 [main] WARN io.cucumber.core.plugin.SerenityReporter - Feature from file:///E:/RestAPi/src/test/resources/api/Authentication.feature is not under the 'features' directory. Requirements report will not be correctly generated!
19:17:02.390 [main] DEBUG net.thucydides.core.guice.Injectors - Created injector for module net.thucydides.core.guice.webdriver.WebDriverModule
19:17:02.437 [main] INFO  - 

-------------------------------------------------------------------------------------
     _______. _______ .______       _______ .__   __.  __  .___________.____    ____ 
    /       ||   ____||   _  \     |   ____||  \ |  | |  | |           |\   \  /   / 
   |   (----`|  |__   |  |_)  |    |  |__   |   \|  | |  | `---|  |----` \   \/   /  
    \   \    |   __|  |      /     |   __|  |  . `  | |  |     |  |       \_    _/   
.----)   |   |  |____ |  |\  \----.|  |____ |  |\   | |  |     |  |         |  |     
|_______/    |_______|| _| `._____||_______||__| \__| |__|     |__|         |__|    
                                                                                     
 News and tutorials at http://www.serenity-bdd.info                                  
 Documentation at https://wakaleo.gitbooks.io/the-serenity-book/content/             
 Join the Serenity Community on Gitter: https://gitter.im/serenity-bdd/serenity-core 
 Serenity BDD Support and Training at http://serenity-bdd.info/#/trainingandsupport  
-------------------------------------------------------------------------------------

19:17:02.441 [main] DEBUG net.thucydides.core.steps.StepEventBus - Test suite started for story net.thucydides.core.model.Story@9d4fd687
19:17:02.445 [main] INFO  - Test Suite Started: Authentication
19:17:02.482 [main] INFO io.cucumber.core.plugin.SerenityReporter - Running feature from file:///E:/RestAPi/src/test/resources/api/Produk.feature
19:17:02.482 [main] WARN io.cucumber.core.plugin.SerenityReporter - Feature from file:///E:/RestAPi/src/test/resources/api/Produk.feature is not under the 'features' directory. Requirements report will not be correctly generated!
19:17:02.493 [main] DEBUG net.thucydides.core.steps.StepEventBus - Test suite started for story net.thucydides.core.model.Story@71884d0
19:17:02.495 [main] INFO  - Test Suite Started: Products
19:17:02.495 [main] INFO io.cucumber.core.plugin.SerenityReporter - Running feature from file:///E:/RestAPi/src/test/resources/api/order.feature
19:17:02.495 [main] WARN io.cucumber.core.plugin.SerenityReporter - Feature from file:///E:/RestAPi/src/test/resources/api/order.feature is not under the 'features' directory. Requirements report will not be correctly generated!
19:17:02.504 [main] DEBUG net.thucydides.core.steps.StepEventBus - Test suite started for story net.thucydides.core.model.Story@17ea4789
19:17:02.505 [main] INFO  - Test Suite Started: Order
19:17:02.506 [main] INFO io.cucumber.core.plugin.SerenityReporter - Running feature from file:///E:/RestAPi/src/test/resources/api/productcategory.feature
19:17:02.506 [main] WARN io.cucumber.core.plugin.SerenityReporter - Feature from file:///E:/RestAPi/src/test/resources/api/productcategory.feature is not under the 'features' directory. Requirements report will not be correctly generated!
19:17:02.517 [main] DEBUG net.thucydides.core.steps.StepEventBus - Test suite started for story net.thucydides.core.model.Story@310f1f38
19:17:02.518 [main] INFO  - Test Suite Started: Category
19:17:02.519 [main] INFO io.cucumber.core.plugin.SerenityReporter - Running feature from file:///E:/RestAPi/src/test/resources/api/Authentication.feature
19:17:02.519 [main] WARN io.cucumber.core.plugin.SerenityReporter - Feature from file:///E:/RestAPi/src/test/resources/api/Authentication.feature is not under the 'features' directory. Requirements report will not be correctly generated!
19:17:02.526 [main] DEBUG net.thucydides.core.steps.StepEventBus - Test suite started for story net.thucydides.core.model.Story@9d4fd687
19:17:02.529 [main] INFO  - Test Suite Started: Authentication

@register
Scenario: Register using a valid full name, email and password                                                                           &amp#27;[90m# src/test/resources/api/Authentication.feature:4&amp#27;[0m
19:17:02.974 [main] INFO io.cucumber.core.plugin.SerenityReporter - Running feature from file:///E:/RestAPi/src/test/resources/api/Authentication.feature
19:17:02.974 [main] WARN io.cucumber.core.plugin.SerenityReporter - Feature from file:///E:/RestAPi/src/test/resources/api/Authentication.feature is not under the 'features' directory. Requirements report will not be correctly generated!
19:17:03.202 [main] INFO  - 
  _____   ___   ___   _____     ___   _____     _     ___   _____   ___   ___  
 |_   _| | __| / __| |_   _|   / __| |_   _|   /_\   | _ \ |_   _| | __| |   \ 
   | |   | _|  \__ \   | |     \__ \   | |    / _ \  |   /   | |   | _|  | |) |
   |_|   |___| |___/   |_|     |___/   |_|   /_/ \_\ |_|_\   |_|   |___| |___/ 

Register using a valid full name, email and password(authentication;register-using-a-valid-full-name--email-and-password)
--------------------------------------------------------------------------------
19:17:04.232 [main] DEBUG net.thucydides.core.steps.StepInterceptor - STARTING STEP: LoginSteps.iRegisterUsingTheCorrectData - I register using the correct data
19:17:04.238 [main] DEBUG net.thucydides.core.steps.StepInterceptor - STEP DONE: I register using the correct data
  &amp#27;[32mGiven &amp#27;[0m&amp#27;[32mI register using the correct data&amp#27;[0m                                                                                                &amp#27;[90m# starter.stepdefinitions.LoginSteps.iRegisterUsingTheCorrectData()&amp#27;[0m
19:17:04.261 [main] DEBUG net.thucydides.core.steps.StepInterceptor - STARTING STEP: LoginSteps.iSubmitAPOSTRequestToWithFullnameEmailAndPassword - I submit a POST request to {string} with fullname testing123, email testing12388@gmail.comand password testing123m
19:17:08.807 [main] DEBUG net.thucydides.core.steps.StepInterceptor - STARTING STEP: Register.POSTRequestToWithFullnameEmailAndPassword - I register using the correct data
19:17:08.814 [main] DEBUG net.thucydides.core.steps.StepInterceptor - STEP DONE: I register using the correct data
19:17:10.645 [main] DEBUG org.apache.http.impl.conn.BasicClientConnectionManager - Get connection for route {s}->https://altashop-api.fly.dev:443
19:17:11.010 [main] DEBUG org.apache.http.impl.conn.DefaultClientConnectionOperator - Connecting to altashop-api.fly.dev:443
19:17:11.527 [main] DEBUG org.apache.http.client.protocol.RequestAddCookies - CookieSpec selected: ignoreCookies
19:17:11.529 [main] DEBUG org.apache.http.client.protocol.RequestAuthCache - Auth cache not set in the context
19:17:11.529 [main] DEBUG org.apache.http.client.protocol.RequestTargetAuthentication - Target auth state: UNCHALLENGED
19:17:11.530 [main] DEBUG org.apache.http.client.protocol.RequestProxyAuthentication - Proxy auth state: UNCHALLENGED
19:17:11.530 [main] DEBUG org.apache.http.impl.client.DefaultHttpClient - Attempt 1 to execute request
19:17:11.530 [main] DEBUG org.apache.http.impl.conn.DefaultClientConnection - Sending request: POST /api/auth/register HTTP/1.1
19:17:11.531 [main] DEBUG org.apache.http.wire -  >> "POST /api/auth/register HTTP/1.1[\r][\n]"
19:17:11.531 [main] DEBUG org.apache.http.wire -  >> "Accept: */*[\r][\n]"
19:17:11.532 [main] DEBUG org.apache.http.wire -  >> "Content-Type: application/json[\r][\n]"
19:17:11.532 [main] DEBUG org.apache.http.wire -  >> "Content-Length: 79[\r][\n]"
19:17:11.532 [main] DEBUG org.apache.http.wire -  >> "Host: altashop-api.fly.dev[\r][\n]"
19:17:11.532 [main] DEBUG org.apache.http.wire -  >> "Connection: Keep-Alive[\r][\n]"
19:17:11.532 [main] DEBUG org.apache.http.wire -  >> "User-Agent: Apache-HttpClient/4.5.13 (Java/19.0.2)[\r][\n]"
19:17:11.532 [main] DEBUG org.apache.http.wire -  >> "Accept-Encoding: gzip,deflate[\r][\n]"
19:17:11.533 [main] DEBUG org.apache.http.wire -  >> "[\r][\n]"
19:17:11.533 [main] DEBUG org.apache.http.headers - >> POST /api/auth/register HTTP/1.1
19:17:11.533 [main] DEBUG org.apache.http.headers - >> Accept: */*
19:17:11.533 [main] DEBUG org.apache.http.headers - >> Content-Type: application/json
19:17:11.533 [main] DEBUG org.apache.http.headers - >> Content-Length: 79
19:17:11.533 [main] DEBUG org.apache.http.headers - >> Host: altashop-api.fly.dev
19:17:11.533 [main] DEBUG org.apache.http.headers - >> Connection: Keep-Alive
19:17:11.533 [main] DEBUG org.apache.http.headers - >> User-Agent: Apache-HttpClient/4.5.13 (Java/19.0.2)
19:17:11.533 [main] DEBUG org.apache.http.headers - >> Accept-Encoding: gzip,deflate
19:17:11.533 [main] DEBUG org.apache.http.wire -  >> "{"password":"testing123m","fullname":"testing123","email":"beafeefe@gmail.com"}"
19:17:11.572 [main] DEBUG org.apache.http.wire -  << "HTTP/1.1 200 OK[\r][\n]"
19:17:11.576 [main] DEBUG org.apache.http.wire -  << "content-type: application/json[\r][\n]"
19:17:11.576 [main] DEBUG org.apache.http.wire -  << "date: Wed, 10 May 2023 12:17:13 GMT[\r][\n]"
19:17:11.576 [main] DEBUG org.apache.http.wire -  << "content-encoding: gzip[\r][\n]"
19:17:11.576 [main] DEBUG org.apache.http.wire -  << "transfer-encoding: chunked[\r][\n]"
19:17:11.576 [main] DEBUG org.apache.http.wire -  << "server: Fly/3f2597ca (2023-05-03)[\r][\n]"
19:17:11.576 [main] DEBUG org.apache.http.wire -  << "via: 1.1 fly.io[\r][\n]"
19:17:11.576 [main] DEBUG org.apache.http.wire -  << "fly-request-id: 01H02SG5THQJN7QGSRNHZ5J3QM-sin[\r][\n]"
19:17:11.577 [main] DEBUG org.apache.http.wire -  << "[\r][\n]"
19:17:11.578 [main] DEBUG org.apache.http.impl.conn.DefaultClientConnection - Receiving response: HTTP/1.1 200 OK
19:17:11.579 [main] DEBUG org.apache.http.headers - << HTTP/1.1 200 OK
19:17:11.579 [main] DEBUG org.apache.http.headers - << content-type: application/json
19:17:11.579 [main] DEBUG org.apache.http.headers - << date: Wed, 10 May 2023 12:17:13 GMT
19:17:11.579 [main] DEBUG org.apache.http.headers - << content-encoding: gzip
19:17:11.579 [main] DEBUG org.apache.http.headers - << transfer-encoding: chunked
19:17:11.579 [main] DEBUG org.apache.http.headers - << server: Fly/3f2597ca (2023-05-03)
19:17:11.579 [main] DEBUG org.apache.http.headers - << via: 1.1 fly.io
19:17:11.579 [main] DEBUG org.apache.http.headers - << fly-request-id: 01H02SG5THQJN7QGSRNHZ5J3QM-sin
19:17:11.585 [main] DEBUG org.apache.http.impl.client.DefaultHttpClient - Connection can be kept alive indefinitely
19:17:11.592 [main] DEBUG io.restassured.internal.RestAssuredHttpBuilder - Parsing response as: application/json
19:17:11.592 [main] DEBUG org.apache.http.wire -  << "6B[\r][\n]"
19:17:11.592 [main] DEBUG org.apache.http.wire -  << "[0x1f][0x8b][0x8][0x0][0x0][0x0][0x0][0x0][0x4][0xff][0xab]VJI,IT[0xb2][0xaa]V[0xf2]tQ[0xb2]2262[0xb6][0xd4]Qr+[0xcd][0xc9][0xc9]K[0xcc]MU[0xb2]R*I-.[0xc9][0xcc]K742V[0xd2]Qr[0xcd]M[0xcc][0xcc]Q[0xb2]RJJMLKMMKuH[0x7][0x9][0xe8]%[0xe7][0xe7]*[0xe9]([0x5]$[0x16][0x17][0x97][0xe7][0x17][0xa5][0xa0]h[0xca]U[0xaa][0xad][0xe5][0x2][0x0] %z[0x1]d[0x0][0x0][0x0]"
19:17:11.593 [main] DEBUG org.apache.http.wire -  << "[\r][\n]"
19:17:11.593 [main] DEBUG org.apache.http.wire -  << "0[\r][\n]"
19:17:11.593 [main] DEBUG org.apache.http.wire -  << "[\r][\n]"
19:17:11.594 [main] DEBUG io.restassured.internal.RestAssuredHttpBuilder - Parsed data to instance of: class org.apache.http.conn.EofSensorInputStream
19:17:11.675 [main] DEBUG org.apache.http.impl.conn.BasicClientConnectionManager - Releasing connection org.apache.http.impl.conn.ManagedClientConnectionImpl@17f41739
19:17:11.675 [main] DEBUG org.apache.http.impl.conn.BasicClientConnectionManager - Connection can be kept alive indefinitely
19:17:11.683 [main] DEBUG net.thucydides.core.steps.StepInterceptor - STEP DONE: I submit a POST request to {string} with fullname testing123, email testing12388@gmail.comand password testing123m
  &amp#27;[32mWhen &amp#27;[0m&amp#27;[32mI submit a POST request to &amp#27;[0m&amp#27;[32m&amp#27;[1m"/auth/register"&amp#27;[0m&amp#27;[32m with fullname &amp#27;[0m&amp#27;[32m&amp#27;[1m"testing123"&amp#27;[0m&amp#27;[32m, email &amp#27;[0m&amp#27;[32m&amp#27;[1m"testing12388@gmail.com"&amp#27;[0m&amp#27;[32m and password &amp#27;[0m&amp#27;[32m&amp#27;[1m"testing123m"&amp#27;[0m &amp#27;[90m# starter.stepdefinitions.LoginSteps.iSubmitAPOSTRequestToWithFullnameEmailAndPassword(java.lang.String,java.lang.String,java.lang.String,java.lang.String)&amp#27;[0m
19:17:11.696 [main] DEBUG net.thucydides.core.steps.StepInterceptor - STARTING STEP: LoginSteps.iReceiveValidHTTPResponseCodeRegister - I receive valid HTTP response code register 200
19:17:11.749 [main] DEBUG net.thucydides.core.steps.StepInterceptor - STEP DONE: I receive valid HTTP response code register 200
  &amp#27;[32mThen &amp#27;[0m&amp#27;[32mI receive valid HTTP response code register &amp#27;[0m&amp#27;[32m&amp#27;[1m200&amp#27;[0m                                                                                   &amp#27;[90m# starter.stepdefinitions.LoginSteps.iReceiveValidHTTPResponseCodeRegister(int)&amp#27;[0m
19:17:11.756 [main] DEBUG net.thucydides.core.steps.StepInterceptor - STARTING STEP: LoginSteps.registerSuccessfully - register successfully
19:17:11.759 [main] DEBUG net.thucydides.core.steps.StepInterceptor - STEP DONE: register successfully
  &amp#27;[32mAnd &amp#27;[0m&amp#27;[32mregister successfully&amp#27;[0m                                                                                                              &amp#27;[90m# starter.stepdefinitions.LoginSteps.registerSuccessfully()&amp#27;[0m
19:17:11.768 [main] INFO  - 
  _____   ___   ___   _____     ___     _     ___   ___   ___   ___  
 |_   _| | __| / __| |_   _|   | _ \   /_\   / __| / __| | __| |   \ 
   | |   | _|  \__ \   | |     |  _/  / _ \  \__ \ \__ \ | _|  | |) |
   |_|   |___| |___/   |_|     |_|   /_/ \_\ |___/ |___/ |___| |___/ 

Register using a valid full name, email and password
----------------------------------------------------------------------
]]></system-out>
  </testcase>
  <testcase name="Login with registered or correct email and password" classname="Authentication" time="0.645">
    <system-out><![CDATA[
Scenario: Login with registered or correct email and password                                            &amp#27;[90m# src/test/resources/api/Authentication.feature:10&amp#27;[0m
19:17:11.841 [main] INFO io.cucumber.core.plugin.SerenityReporter - Running feature from file:///E:/RestAPi/src/test/resources/api/Authentication.feature
19:17:11.841 [main] WARN io.cucumber.core.plugin.SerenityReporter - Feature from file:///E:/RestAPi/src/test/resources/api/Authentication.feature is not under the 'features' directory. Requirements report will not be correctly generated!
19:17:11.856 [main] INFO  - 
  _____   ___   ___   _____     ___   _____     _     ___   _____   ___   ___  
 |_   _| | __| / __| |_   _|   / __| |_   _|   /_\   | _ \ |_   _| | __| |   \ 
   | |   | _|  \__ \   | |     \__ \   | |    / _ \  |   /   | |   | _|  | |) |
   |_|   |___| |___/   |_|     |___/   |_|   /_/ \_\ |_|_\   |_|   |___| |___/ 

Login with registered or correct email and password(authentication;login-with-registered-or-correct-email-and-password)
--------------------------------------------------------------------------------
19:17:11.961 [main] DEBUG net.thucydides.core.steps.StepInterceptor - STARTING STEP: LoginSteps.iHaveValidCredentials - I have valid credentials
19:17:11.962 [main] DEBUG net.thucydides.core.steps.StepInterceptor - STEP DONE: I have valid credentials
  &amp#27;[32mGiven &amp#27;[0m&amp#27;[32mI have valid credentials&amp#27;[0m                                                                         &amp#27;[90m# starter.stepdefinitions.LoginSteps.iHaveValidCredentials()&amp#27;[0m
19:17:11.975 [main] DEBUG net.thucydides.core.steps.StepInterceptor - STARTING STEP: LoginSteps.iSubmitAPOSTRequestToWithEmailAndPassword - I submit a POST request to {string} with email gitalee21@gmail.com and password gitale88
19:17:11.985 [main] DEBUG net.thucydides.core.steps.StepInterceptor - STARTING STEP: Login.iSubmitAPOSTRequestToWithEmailAndPassword - I have valid credentials
19:17:11.989 [main] DEBUG net.thucydides.core.steps.StepInterceptor - STEP DONE: I have valid credentials
19:17:12.176 [main] DEBUG org.apache.http.impl.conn.BasicClientConnectionManager - Get connection for route {s}->https://altashop-api.fly.dev:443
19:17:12.178 [main] DEBUG org.apache.http.impl.conn.DefaultClientConnectionOperator - Connecting to altashop-api.fly.dev:443
19:17:12.330 [main] DEBUG org.apache.http.client.protocol.RequestAddCookies - CookieSpec selected: ignoreCookies
19:17:12.331 [main] DEBUG org.apache.http.client.protocol.RequestAuthCache - Auth cache not set in the context
19:17:12.333 [main] DEBUG org.apache.http.client.protocol.RequestTargetAuthentication - Target auth state: UNCHALLENGED
19:17:12.333 [main] DEBUG org.apache.http.client.protocol.RequestProxyAuthentication - Proxy auth state: UNCHALLENGED
19:17:12.333 [main] DEBUG org.apache.http.impl.client.DefaultHttpClient - Attempt 1 to execute request
19:17:12.333 [main] DEBUG org.apache.http.impl.conn.DefaultClientConnection - Sending request: POST /api/auth/login HTTP/1.1
19:17:12.333 [main] DEBUG org.apache.http.wire -  >> "POST /api/auth/login HTTP/1.1[\r][\n]"
19:17:12.333 [main] DEBUG org.apache.http.wire -  >> "Accept: */*[\r][\n]"
19:17:12.333 [main] DEBUG org.apache.http.wire -  >> "Content-Type: application/json[\r][\n]"
19:17:12.333 [main] DEBUG org.apache.http.wire -  >> "Content-Length: 53[\r][\n]"
19:17:12.333 [main] DEBUG org.apache.http.wire -  >> "Host: altashop-api.fly.dev[\r][\n]"
19:17:12.333 [main] DEBUG org.apache.http.wire -  >> "Connection: Keep-Alive[\r][\n]"
19:17:12.334 [main] DEBUG org.apache.http.wire -  >> "User-Agent: Apache-HttpClient/4.5.13 (Java/19.0.2)[\r][\n]"
19:17:12.334 [main] DEBUG org.apache.http.wire -  >> "Accept-Encoding: gzip,deflate[\r][\n]"
19:17:12.334 [main] DEBUG org.apache.http.wire -  >> "[\r][\n]"
19:17:12.334 [main] DEBUG org.apache.http.headers - >> POST /api/auth/login HTTP/1.1
19:17:12.334 [main] DEBUG org.apache.http.headers - >> Accept: */*
19:17:12.334 [main] DEBUG org.apache.http.headers - >> Content-Type: application/json
19:17:12.334 [main] DEBUG org.apache.http.headers - >> Content-Length: 53
19:17:12.334 [main] DEBUG org.apache.http.headers - >> Host: altashop-api.fly.dev
19:17:12.334 [main] DEBUG org.apache.http.headers - >> Connection: Keep-Alive
19:17:12.334 [main] DEBUG org.apache.http.headers - >> User-Agent: Apache-HttpClient/4.5.13 (Java/19.0.2)
19:17:12.334 [main] DEBUG org.apache.http.headers - >> Accept-Encoding: gzip,deflate
19:17:12.334 [main] DEBUG org.apache.http.wire -  >> "{"password":"gitale88","email":"gitalee21@gmail.com"}"
19:17:12.389 [main] DEBUG org.apache.http.wire -  << "HTTP/1.1 200 OK[\r][\n]"
19:17:12.389 [main] DEBUG org.apache.http.wire -  << "content-type: application/json[\r][\n]"
19:17:12.390 [main] DEBUG org.apache.http.wire -  << "date: Wed, 10 May 2023 12:17:14 GMT[\r][\n]"
19:17:12.395 [main] DEBUG org.apache.http.wire -  << "content-encoding: gzip[\r][\n]"
19:17:12.395 [main] DEBUG org.apache.http.wire -  << "transfer-encoding: chunked[\r][\n]"
19:17:12.395 [main] DEBUG org.apache.http.wire -  << "server: Fly/3f2597ca (2023-05-03)[\r][\n]"
19:17:12.395 [main] DEBUG org.apache.http.wire -  << "via: 1.1 fly.io[\r][\n]"
19:17:12.395 [main] DEBUG org.apache.http.wire -  << "fly-request-id: 01H02SG6M62VW8NFF3066WTHEE-sin[\r][\n]"
19:17:12.395 [main] DEBUG org.apache.http.wire -  << "[\r][\n]"
19:17:12.395 [main] DEBUG org.apache.http.impl.conn.DefaultClientConnection - Receiving response: HTTP/1.1 200 OK
19:17:12.395 [main] DEBUG org.apache.http.headers - << HTTP/1.1 200 OK
19:17:12.396 [main] DEBUG org.apache.http.headers - << content-type: application/json
19:17:12.396 [main] DEBUG org.apache.http.headers - << date: Wed, 10 May 2023 12:17:14 GMT
19:17:12.396 [main] DEBUG org.apache.http.headers - << content-encoding: gzip
19:17:12.396 [main] DEBUG org.apache.http.headers - << transfer-encoding: chunked
19:17:12.396 [main] DEBUG org.apache.http.headers - << server: Fly/3f2597ca (2023-05-03)
19:17:12.396 [main] DEBUG org.apache.http.headers - << via: 1.1 fly.io
19:17:12.396 [main] DEBUG org.apache.http.headers - << fly-request-id: 01H02SG6M62VW8NFF3066WTHEE-sin
19:17:12.397 [main] DEBUG org.apache.http.impl.client.DefaultHttpClient - Connection can be kept alive indefinitely
19:17:12.397 [main] DEBUG io.restassured.internal.RestAssuredHttpBuilder - Parsing response as: application/json
19:17:12.397 [main] DEBUG org.apache.http.wire -  << "BD[\r][\n]"
19:17:12.398 [main] DEBUG org.apache.http.wire -  << "[0x1f][0x8b][0x8][0x0][0x0][0x0][0x0][0x0][0x4][0xff][0xab]VJI,IT[0xb2]RJ[0xad][0xf4][0xca]HrO[0xce][0xf4][0xcf][0xf4][0xf2][0xc][0xad][0xf2]4[0xf4][0xcb][0xf4],[0xf6][0xcc][0xb]2Mv[0xf6]4[0xf3][0xcc].[0x88][0x8]s[0xf6][0xb2][0xd4]K[0xad][0xf4]rO[0x9][0xaf](N[0xca]u+[0x89][\n]"
19:17:12.399 [main] DEBUG org.apache.http.wire -  << "[0x6]I[0xa4][0x14][0xa4][0xb8][0xbb][0xa6][0x87][0xb8][0x87][0x95]%[0xe5]f[0xa7]Gy[0xa4][0x14]x[0xba]GU&F8f[0xfa]8{[0xb9]%[0x85][0xbb][0x15]$[0x81][0xc][0xc8][0x5][0xa9]s+[0x8e][\n]"
19:17:12.399 [main] DEBUG org.apache.http.wire -  << "[0xf][0xad][0xf4][\r]u[0xca][0x83][0x88][0x9b]f%[0x19][0x19]d[0xa6][0x5][0xea][0x85][0xb8][0x17][0x7][0x95]8[0x7][0x1b][0xc6][0x87][0x9b][0xa6][0x5][0xe6]W[0xf8]T[0x84][0x5][0xfb]f[0xb8]d[0xe7]E[0xc4][0x97][0xe6][0x7][0x85][0x95][0xc7][0x1b][0x94]D:[0xbb][0x17][0x1b][0x6][0x97][0x84][0xb9]*[0xd5]r[0x1][0x0]9([0x99]z[0xb3][0x0][0x0][0x0]"
19:17:12.399 [main] DEBUG org.apache.http.wire -  << "[\r][\n]"
19:17:12.400 [main] DEBUG org.apache.http.wire -  << "0[\r][\n]"
19:17:12.400 [main] DEBUG org.apache.http.wire -  << "[\r][\n]"
19:17:12.400 [main] DEBUG io.restassured.internal.RestAssuredHttpBuilder - Parsed data to instance of: class org.apache.http.conn.EofSensorInputStream
19:17:12.402 [main] DEBUG org.apache.http.impl.conn.BasicClientConnectionManager - Releasing connection org.apache.http.impl.conn.ManagedClientConnectionImpl@6d80e411
19:17:12.403 [main] DEBUG org.apache.http.impl.conn.BasicClientConnectionManager - Connection can be kept alive indefinitely
19:17:12.404 [main] DEBUG net.thucydides.core.steps.StepInterceptor - STEP DONE: I submit a POST request to {string} with email gitalee21@gmail.com and password gitale88
  &amp#27;[32mWhen &amp#27;[0m&amp#27;[32mI submit a POST request to &amp#27;[0m&amp#27;[32m&amp#27;[1m"/auth/login"&amp#27;[0m&amp#27;[32m with email &amp#27;[0m&amp#27;[32m&amp#27;[1m"gitalee21@gmail.com"&amp#27;[0m&amp#27;[32m and password &amp#27;[0m&amp#27;[32m&amp#27;[1m"gitale88"&amp#27;[0m &amp#27;[90m# starter.stepdefinitions.LoginSteps.iSubmitAPOSTRequestToWithEmailAndPassword(java.lang.String,java.lang.String,java.lang.String)&amp#27;[0m
19:17:12.421 [main] DEBUG net.thucydides.core.steps.StepInterceptor - STARTING STEP: LoginSteps.iShouldGetAResponseCode - I receive valid HTTP response code Login 200
19:17:12.423 [main] DEBUG net.thucydides.core.steps.StepInterceptor - STEP DONE: I receive valid HTTP response code Login 200
  &amp#27;[32mThen &amp#27;[0m&amp#27;[32mI receive valid HTTP response code Login &amp#27;[0m&amp#27;[32m&amp#27;[1m200&amp#27;[0m                                                      &amp#27;[90m# starter.stepdefinitions.LoginSteps.iShouldGetAResponseCode(int)&amp#27;[0m
19:17:12.427 [main] INFO  - 
  _____   ___   ___   _____     ___     _     ___   ___   ___   ___  
 |_   _| | __| / __| |_   _|   | _ \   /_\   / __| / __| | __| |   \ 
   | |   | _|  \__ \   | |     |  _/  / _ \  \__ \ \__ \ | _|  | |) |
   |_|   |___| |___/   |_|     |_|   /_/ \_\ |___/ |___/ |___| |___/ 

Login with registered or correct email and password
----------------------------------------------------------------------
]]></system-out>
  </testcase>
  <testcase name="view user information" classname="Authentication" time="0.505">
    <system-out><![CDATA[
Scenario: view user information                                        &amp#27;[90m# src/test/resources/api/Authentication.feature:16&amp#27;[0m
19:17:12.467 [main] INFO io.cucumber.core.plugin.SerenityReporter - Running feature from file:///E:/RestAPi/src/test/resources/api/Authentication.feature
19:17:12.467 [main] WARN io.cucumber.core.plugin.SerenityReporter - Feature from file:///E:/RestAPi/src/test/resources/api/Authentication.feature is not under the 'features' directory. Requirements report will not be correctly generated!
19:17:12.471 [main] INFO  - 
  _____   ___   ___   _____     ___   _____     _     ___   _____   ___   ___  
 |_   _| | __| / __| |_   _|   / __| |_   _|   /_\   | _ \ |_   _| | __| |   \ 
   | |   | _|  \__ \   | |     \__ \   | |    / _ \  |   /   | |   | _|  | |) |
   |_|   |___| |___/   |_|     |___/   |_|   /_/ \_\ |_|_\   |_|   |___| |___/ 

view user information(authentication;view-user-information)
--------------------------------------------------------------------------------
19:17:12.532 [main] DEBUG net.thucydides.core.steps.StepInterceptor - STARTING STEP: LoginSteps.iSetGETEndpoints - I set GET endpoints
19:17:12.539 [main] DEBUG net.thucydides.core.steps.StepInterceptor - STEP DONE: I set GET endpoints
  &amp#27;[32mGiven &amp#27;[0m&amp#27;[32mI set GET endpoints&amp#27;[0m                                            &amp#27;[90m# starter.stepdefinitions.LoginSteps.iSetGETEndpoints()&amp#27;[0m
19:17:12.555 [main] DEBUG net.thucydides.core.steps.StepInterceptor - STARTING STEP: LoginSteps.iSendAGETRequestToTheUserAPIEndpoints - I send GET HTTP request
19:17:12.561 [main] DEBUG net.thucydides.core.steps.StepInterceptor - STARTING STEP: Information.iSendAGETRequestToTheUserAPIEndpoints - I set GET endpoints
19:17:12.563 [main] DEBUG net.thucydides.core.steps.StepInterceptor - STEP DONE: I set GET endpoints
19:17:12.772 [main] DEBUG org.apache.http.impl.conn.BasicClientConnectionManager - Get connection for route {s}->https://altashop-api.fly.dev:443
19:17:12.772 [main] DEBUG org.apache.http.impl.conn.DefaultClientConnectionOperator - Connecting to altashop-api.fly.dev:443
19:17:12.863 [main] DEBUG org.apache.http.client.protocol.RequestAddCookies - CookieSpec selected: ignoreCookies
19:17:12.864 [main] DEBUG org.apache.http.client.protocol.RequestAuthCache - Auth cache not set in the context
19:17:12.864 [main] DEBUG org.apache.http.client.protocol.RequestProxyAuthentication - Proxy auth state: UNCHALLENGED
19:17:12.864 [main] DEBUG org.apache.http.impl.client.DefaultHttpClient - Attempt 1 to execute request
19:17:12.864 [main] DEBUG org.apache.http.impl.conn.DefaultClientConnection - Sending request: GET /api/auth/info HTTP/1.1
19:17:12.864 [main] DEBUG org.apache.http.wire -  >> "GET /api/auth/info HTTP/1.1[\r][\n]"
19:17:12.865 [main] DEBUG org.apache.http.wire -  >> "Authorization: Bearer eyJhbGciOiJIUzI1NiIsInR5cCI6IkpXVCJ9.eyJGdWxsbmFtZSI6IkdpdGEgTGVvbmkgZHdpIGZyaXAiLCJFbWFpbCI6ImdpdGFsZWUyMUBnbWFpbC5jb20ifQ.TGsRtCS1_W5fQoxLxVSMhDknX_uoRVw_0tYCGs1StVE[\r][\n]"
19:17:12.865 [main] DEBUG org.apache.http.wire -  >> "Accept: */*[\r][\n]"
19:17:12.865 [main] DEBUG org.apache.http.wire -  >> "Host: altashop-api.fly.dev[\r][\n]"
19:17:12.865 [main] DEBUG org.apache.http.wire -  >> "Connection: Keep-Alive[\r][\n]"
19:17:12.866 [main] DEBUG org.apache.http.wire -  >> "User-Agent: Apache-HttpClient/4.5.13 (Java/19.0.2)[\r][\n]"
19:17:12.866 [main] DEBUG org.apache.http.wire -  >> "Accept-Encoding: gzip,deflate[\r][\n]"
19:17:12.866 [main] DEBUG org.apache.http.wire -  >> "[\r][\n]"
19:17:12.866 [main] DEBUG org.apache.http.headers - >> GET /api/auth/info HTTP/1.1
19:17:12.866 [main] DEBUG org.apache.http.headers - >> Authorization: Bearer eyJhbGciOiJIUzI1NiIsInR5cCI6IkpXVCJ9.eyJGdWxsbmFtZSI6IkdpdGEgTGVvbmkgZHdpIGZyaXAiLCJFbWFpbCI6ImdpdGFsZWUyMUBnbWFpbC5jb20ifQ.TGsRtCS1_W5fQoxLxVSMhDknX_uoRVw_0tYCGs1StVE
19:17:12.866 [main] DEBUG org.apache.http.headers - >> Accept: */*
19:17:12.866 [main] DEBUG org.apache.http.headers - >> Host: altashop-api.fly.dev
19:17:12.866 [main] DEBUG org.apache.http.headers - >> Connection: Keep-Alive
19:17:12.866 [main] DEBUG org.apache.http.headers - >> User-Agent: Apache-HttpClient/4.5.13 (Java/19.0.2)
19:17:12.866 [main] DEBUG org.apache.http.headers - >> Accept-Encoding: gzip,deflate
19:17:12.903 [main] DEBUG org.apache.http.wire -  << "HTTP/1.1 200 OK[\r][\n]"
19:17:12.903 [main] DEBUG org.apache.http.wire -  << "content-type: application/json[\r][\n]"
19:17:12.903 [main] DEBUG org.apache.http.wire -  << "date: Wed, 10 May 2023 12:17:14 GMT[\r][\n]"
19:17:12.903 [main] DEBUG org.apache.http.wire -  << "content-encoding: gzip[\r][\n]"
19:17:12.903 [main] DEBUG org.apache.http.wire -  << "transfer-encoding: chunked[\r][\n]"
19:17:12.904 [main] DEBUG org.apache.http.wire -  << "server: Fly/3f2597ca (2023-05-03)[\r][\n]"
19:17:12.904 [main] DEBUG org.apache.http.wire -  << "via: 1.1 fly.io[\r][\n]"
19:17:12.904 [main] DEBUG org.apache.http.wire -  << "fly-request-id: 01H02SG749WJJNZKHDZY4MQ5DY-sin[\r][\n]"
19:17:12.904 [main] DEBUG org.apache.http.wire -  << "[\r][\n]"
19:17:12.904 [main] DEBUG org.apache.http.impl.conn.DefaultClientConnection - Receiving response: HTTP/1.1 200 OK
19:17:12.904 [main] DEBUG org.apache.http.headers - << HTTP/1.1 200 OK
19:17:12.904 [main] DEBUG org.apache.http.headers - << content-type: application/json
19:17:12.904 [main] DEBUG org.apache.http.headers - << date: Wed, 10 May 2023 12:17:14 GMT
19:17:12.904 [main] DEBUG org.apache.http.headers - << content-encoding: gzip
19:17:12.904 [main] DEBUG org.apache.http.headers - << transfer-encoding: chunked
19:17:12.904 [main] DEBUG org.apache.http.headers - << server: Fly/3f2597ca (2023-05-03)
19:17:12.904 [main] DEBUG org.apache.http.headers - << via: 1.1 fly.io
19:17:12.904 [main] DEBUG org.apache.http.headers - << fly-request-id: 01H02SG749WJJNZKHDZY4MQ5DY-sin
19:17:12.904 [main] DEBUG org.apache.http.impl.client.DefaultHttpClient - Connection can be kept alive indefinitely
19:17:12.904 [main] DEBUG io.restassured.internal.RestAssuredHttpBuilder - Parsing response as: application/json
19:17:12.904 [main] DEBUG org.apache.http.wire -  << "76[\r][\n]"
19:17:12.905 [main] DEBUG org.apache.http.wire -  << "[0x1f][0x8b][0x8][0x0][0x0][0x0][0x0][0x0][0x4][0xff][0xab]VJI,IT[0xb2][0xaa]V[0xf2]tQ[0xb2]2[0xb4]06[0xb7][0xd0]Qr+[0xcd][0xc9][0xc9]K[0xcc]MU[0xb2]Rr[0xcf],IT[0xf0]I[0xcd][0xcf][0xcb]TH)[0xcf]TH+[0xca],P[0xd2]Qr[0xcd]M[0xcc][0xcc]Q[0xb2]RJ[0xcf],I[0xcc]IM52tH[0x7][0x89][0xe8]%[0xe7][0xe7]*[0xe9]([0x5]$[0x16][0x17][0x97][0xe7][0x17][0xa5][0xc0][0x15]XX([0xd5][0xd6]r[0x1][0x0]U[0x84]~[0x95]k[0x0][0x0][0x0]"
19:17:12.905 [main] DEBUG org.apache.http.wire -  << "[\r][\n]"
19:17:12.905 [main] DEBUG org.apache.http.wire -  << "0[\r][\n]"
19:17:12.905 [main] DEBUG org.apache.http.wire -  << "[\r][\n]"
19:17:12.905 [main] DEBUG io.restassured.internal.RestAssuredHttpBuilder - Parsed data to instance of: class org.apache.http.conn.EofSensorInputStream
19:17:12.907 [main] DEBUG org.apache.http.impl.conn.BasicClientConnectionManager - Releasing connection org.apache.http.impl.conn.ManagedClientConnectionImpl@5bccaedb
19:17:12.907 [main] DEBUG org.apache.http.impl.conn.BasicClientConnectionManager - Connection can be kept alive indefinitely
19:17:12.909 [main] DEBUG net.thucydides.core.steps.StepInterceptor - STEP DONE: I send GET HTTP request
  &amp#27;[32mWhen &amp#27;[0m&amp#27;[32mI send GET HTTP request&amp#27;[0m                                         &amp#27;[90m# starter.stepdefinitions.LoginSteps.iSendAGETRequestToTheUserAPIEndpoints()&amp#27;[0m
19:17:12.918 [main] DEBUG net.thucydides.core.steps.StepInterceptor - STARTING STEP: LoginSteps.iReceiveValidHTTPResponseCodeForGetUserInformation - I receive valid HTTP response code 200 for get user information
19:17:12.919 [main] DEBUG net.thucydides.core.steps.StepInterceptor - STEP DONE: I receive valid HTTP response code 200 for get user information
  &amp#27;[32mThen &amp#27;[0m&amp#27;[32mI receive valid HTTP response code &amp#27;[0m&amp#27;[32m&amp#27;[1m200&amp#27;[0m&amp#27;[32m for get user information&amp#27;[0m &amp#27;[90m# starter.stepdefinitions.LoginSteps.iReceiveValidHTTPResponseCodeForGetUserInformation(int)&amp#27;[0m
19:17:12.926 [main] DEBUG net.thucydides.core.steps.StepInterceptor - STARTING STEP: LoginSteps.iReceiveValidDataOfTheUser - I receive valid data of the user
19:17:12.928 [main] DEBUG net.thucydides.core.steps.StepInterceptor - STEP DONE: I receive valid data of the user
  &amp#27;[32mAnd &amp#27;[0m&amp#27;[32mI receive valid data of the user&amp#27;[0m                                 &amp#27;[90m# starter.stepdefinitions.LoginSteps.iReceiveValidDataOfTheUser()&amp#27;[0m
19:17:12.933 [main] INFO  - 
  _____   ___   ___   _____     ___     _     ___   ___   ___   ___  
 |_   _| | __| / __| |_   _|   | _ \   /_\   / __| / __| | __| |   \ 
   | |   | _|  \__ \   | |     |  _/  / _ \  \__ \ \__ \ | _|  | |) |
   |_|   |___| |___/   |_|     |_|   /_/ \_\ |___/ |___/ |___| |___/ 

view user information
----------------------------------------------------------------------
]]></system-out>
  </testcase>
  <testcase name="GET All Product" classname="Products" time="1.74">
    <system-out><![CDATA[19:17:12.937 [main] INFO io.cucumber.core.plugin.SerenityReporter - Running feature from file:///E:/RestAPi/src/test/resources/api/Produk.feature
19:17:12.937 [main] WARN io.cucumber.core.plugin.SerenityReporter - Feature from file:///E:/RestAPi/src/test/resources/api/Produk.feature is not under the 'features' directory. Requirements report will not be correctly generated!
19:17:12.947 [main] DEBUG net.thucydides.core.steps.StepEventBus - Test suite started for story net.thucydides.core.model.Story@71884d0
19:17:12.949 [main] INFO  - Test Suite Started: Products

Scenario: GET All Product                     &amp#27;[90m# src/test/resources/api/Produk.feature:2&amp#27;[0m
19:17:12.991 [main] INFO io.cucumber.core.plugin.SerenityReporter - Running feature from file:///E:/RestAPi/src/test/resources/api/Produk.feature
19:17:12.992 [main] WARN io.cucumber.core.plugin.SerenityReporter - Feature from file:///E:/RestAPi/src/test/resources/api/Produk.feature is not under the 'features' directory. Requirements report will not be correctly generated!
19:17:13.022 [main] INFO  - 
  _____   ___   ___   _____     ___   _____     _     ___   _____   ___   ___  
 |_   _| | __| / __| |_   _|   / __| |_   _|   /_\   | _ \ |_   _| | __| |   \ 
   | |   | _|  \__ \   | |     \__ \   | |    / _ \  |   /   | |   | _|  | |) |
   |_|   |___| |___/   |_|     |___/   |_|   /_/ \_\ |_|_\   |_|   |___| |___/ 

GET All Product(products;get-all-product)
--------------------------------------------------------------------------------
19:17:13.376 [main] DEBUG net.thucydides.core.steps.StepInterceptor - STARTING STEP: ProductSteps.iSetGETEndpointsProduct - I set GET endpoints product
19:17:13.377 [main] DEBUG net.thucydides.core.steps.StepInterceptor - STEP DONE: I set GET endpoints product
  &amp#27;[32mGiven &amp#27;[0m&amp#27;[32mI set GET endpoints product&amp#27;[0m           &amp#27;[90m# starter.stepdefinitions.ProductSteps.iSetGETEndpointsProduct()&amp#27;[0m
19:17:13.424 [main] DEBUG net.thucydides.core.steps.StepInterceptor - STARTING STEP: ProductSteps.iSendGETHTTPRequestProduct - I send GET HTTP request product
19:17:13.435 [main] DEBUG net.thucydides.core.steps.StepInterceptor - STARTING STEP: GetALLProduct.GETHTTPRequestProduct - I set GET endpoints product
19:17:13.435 [main] DEBUG net.thucydides.core.steps.StepInterceptor - STEP DONE: I set GET endpoints product
19:17:13.506 [main] DEBUG org.apache.http.impl.conn.BasicClientConnectionManager - Get connection for route {s}->https://altashop-api.fly.dev:443
19:17:13.507 [main] DEBUG org.apache.http.impl.conn.DefaultClientConnectionOperator - Connecting to altashop-api.fly.dev:443
19:17:13.596 [main] DEBUG org.apache.http.client.protocol.RequestAddCookies - CookieSpec selected: ignoreCookies
19:17:13.596 [main] DEBUG org.apache.http.client.protocol.RequestAuthCache - Auth cache not set in the context
19:17:13.596 [main] DEBUG org.apache.http.client.protocol.RequestTargetAuthentication - Target auth state: UNCHALLENGED
19:17:13.596 [main] DEBUG org.apache.http.client.protocol.RequestProxyAuthentication - Proxy auth state: UNCHALLENGED
19:17:13.596 [main] DEBUG org.apache.http.impl.client.DefaultHttpClient - Attempt 1 to execute request
19:17:13.596 [main] DEBUG org.apache.http.impl.conn.DefaultClientConnection - Sending request: GET /api/products HTTP/1.1
19:17:13.596 [main] DEBUG org.apache.http.wire -  >> "GET /api/products HTTP/1.1[\r][\n]"
19:17:13.596 [main] DEBUG org.apache.http.wire -  >> "Accept: */*[\r][\n]"
19:17:13.596 [main] DEBUG org.apache.http.wire -  >> "Host: altashop-api.fly.dev[\r][\n]"
19:17:13.596 [main] DEBUG org.apache.http.wire -  >> "Connection: Keep-Alive[\r][\n]"
19:17:13.596 [main] DEBUG org.apache.http.wire -  >> "User-Agent: Apache-HttpClient/4.5.13 (Java/19.0.2)[\r][\n]"
19:17:13.596 [main] DEBUG org.apache.http.wire -  >> "Accept-Encoding: gzip,deflate[\r][\n]"
19:17:13.596 [main] DEBUG org.apache.http.wire -  >> "[\r][\n]"
19:17:13.597 [main] DEBUG org.apache.http.headers - >> GET /api/products HTTP/1.1
19:17:13.597 [main] DEBUG org.apache.http.headers - >> Accept: */*
19:17:13.597 [main] DEBUG org.apache.http.headers - >> Host: altashop-api.fly.dev
19:17:13.597 [main] DEBUG org.apache.http.headers - >> Connection: Keep-Alive
19:17:13.597 [main] DEBUG org.apache.http.headers - >> User-Agent: Apache-HttpClient/4.5.13 (Java/19.0.2)
19:17:13.597 [main] DEBUG org.apache.http.headers - >> Accept-Encoding: gzip,deflate
19:17:13.979 [main] DEBUG org.apache.http.wire -  << "HTTP/1.1 200 OK[\r][\n]"
19:17:13.979 [main] DEBUG org.apache.http.wire -  << "content-type: application/json[\r][\n]"
19:17:13.979 [main] DEBUG org.apache.http.wire -  << "date: Wed, 10 May 2023 12:17:15 GMT[\r][\n]"
19:17:13.979 [main] DEBUG org.apache.http.wire -  << "transfer-encoding: chunked[\r][\n]"
19:17:13.979 [main] DEBUG org.apache.http.wire -  << "content-encoding: gzip[\r][\n]"
19:17:13.979 [main] DEBUG org.apache.http.wire -  << "server: Fly/3f2597ca (2023-05-03)[\r][\n]"
19:17:13.979 [main] DEBUG org.apache.http.wire -  << "via: 1.1 fly.io[\r][\n]"
19:17:13.979 [main] DEBUG org.apache.http.wire -  << "fly-request-id: 01H02SG7V2P9EPZRPSDKB99G8S-sin[\r][\n]"
19:17:13.979 [main] DEBUG org.apache.http.wire -  << "[\r][\n]"
19:17:13.979 [main] DEBUG org.apache.http.impl.conn.DefaultClientConnection - Receiving response: HTTP/1.1 200 OK
19:17:13.979 [main] DEBUG org.apache.http.headers - << HTTP/1.1 200 OK
19:17:13.979 [main] DEBUG org.apache.http.headers - << content-type: application/json
19:17:13.979 [main] DEBUG org.apache.http.headers - << date: Wed, 10 May 2023 12:17:15 GMT
19:17:13.979 [main] DEBUG org.apache.http.headers - << transfer-encoding: chunked
19:17:13.979 [main] DEBUG org.apache.http.headers - << content-encoding: gzip
19:17:13.979 [main] DEBUG org.apache.http.headers - << server: Fly/3f2597ca (2023-05-03)
19:17:13.980 [main] DEBUG org.apache.http.headers - << via: 1.1 fly.io
19:17:13.980 [main] DEBUG org.apache.http.headers - << fly-request-id: 01H02SG7V2P9EPZRPSDKB99G8S-sin
19:17:13.980 [main] DEBUG org.apache.http.impl.client.DefaultHttpClient - Connection can be kept alive indefinitely
19:17:13.980 [main] DEBUG io.restassured.internal.RestAssuredHttpBuilder - Parsing response as: application/json
19:17:13.980 [main] DEBUG org.apache.http.wire -  << "2F0[\r][\n]"
19:17:13.980 [main] DEBUG org.apache.http.wire -  << "[0x1f][0x8b][0x8][0x0][0x0][0x0][0x0][0x0][0x4][0xff][0xaa]VJI,IT[0xb2][0x8a][0xae]V[0xf2]tQ[0xb2]241[0xb1]0[0xd6]Q[0xf2]K[0xcc]MU[0xb2]R[0xf2],[0xc8][0xc8][0xcf]KU04T03QHOR[0xd2]QrI-N.[0xca],([0xc9][0xcc][0xcf]S[0xb2]R*[0xc8]I[0xac]T[0xc8]H,V[0xc8][0xcb]W[0xc8][0xc9][0xcc][0xcd],)V[0xd2]Q[\n]"
19:17:13.980 [main] DEBUG org.apache.http.wire -  << "([0xca]LNU[0xb2]2[0xb2][0xb4][0xd4]Q[\n]"
19:17:13.980 [main] DEBUG org.apache.http.wire -  << "J,[0xc9][0xcc]K/V[0xb2]2[0xd2]QrN,IM[0xcf]/[0xca]L-F[0xd8]fdjb[0x8][0xb7][0xcd]=173/[0x1d][0xc3][0x12][0xb7][0xfc]"[0x85]t[0xb0][0x94]BAiQA~qj[0xb1]Rml[0xad][0xe][0xc2][0xc1][0x16]p#[0xdc]J[0x8b][0xf2]2KJ[0x8b]R[0x15]B[0xf2][0xb]0M[0x82][0xcb][0xa6]$[0x16]e*x[0xa5][0x16]$[0x16]%"\lh[0x82][0xec]b[0x13]4[0x17][0xa3][0xd8]h[\n]"
19:17:13.981 [main] DEBUG org.apache.http.wire -  << "[0xb7]18?[0xaf]R! [0xd8][0x10][0xc3]2[0x84][0xb9][0x6]H[0xe1]`[0x80]f*[0xd4][0x13][0xd4][0x9][0x7]3[0xb8][0xab][0xa8][0x18][0xe][0xc6]h.F[0xe][0x7]KD[0xe4][0xb9][0x84][0xb9]([0xf8][0x96][0xa6][0xa7][0xe6])[0x84][0x14]%f[0xe6][0xe1][0x9][0xe]C#[0x3][0x3][0x3][0xe4]0[0xc1][0x17][0xd2][0x96]Fp?%[0xe6]%f+$V&[0xe6]b[0x98]]\Z\[0xaa][0x0][0x92]F[0x84][0xb9]%J[0xea]C[0xf]u[0x14]?[0x98][0xc3]m[0x88]p[0xf2][0x8f][0xc0][0x8c]HD[0xfa]C[0x18]o[0x82]b<z[0x10]Q3RA[0x16]As#v[0xe7][0xe1]r[0x14][0xba][0x9f][0xa9][0xe8](SP[0xf4]A[0x1d]E[0x9b]x75@[0xa4],P[0xc4]R?[0xde]M[\r]h[0x9d][0xb2]L-[0x10][0xe5][0x92]SQbrjNj[0x9]F[0xd2][0xf5]MLIU[0xc8]OS[0xc8][0xc8]L[0xcf]P(,M[0xcc][0xc9],[0xa9]T(HM,[0xca]A.J[0x8d][0x88][0xcc].f[0xe6][0x6][0xf0][0xc4]LM+[0xd1][0xd3][0x12]R[0xfe]13GT[0x17][0x14][0xa4][0x5][0xbc]6[0x98][0xc0]=[0x15]TZ\[0x92][0x99][0xac][0x10][0x90]X[0x90]Z[0xa4][0xe0][0x9e][0x93]_[0x96][\n]"
19:17:13.981 [main] DEBUG org.apache.http.wire -  << "[\n]"
19:17:13.981 [main] DEBUG org.apache.http.wire -  << "&[0xd4]J)[0xb0]4?E[0xa1][0xb0]4S!/[0xb1][0xa4][0xb4][0x18][0xc4]J*-NI[0xcc]UH-[0xd1]Cd[0x16]CP[0x1a][0x86]WOx[0xad]G[0x14][0xf6][0x9e]y%[0xa9]99[0x99][0xe9][0xa9]y%[\n]"
19:17:13.981 [main] DEBUG org.apache.http.wire -  << "[0xe1][0xf9][0xf9]9[\n]"
19:17:13.981 [main] DEBUG org.apache.http.wire -  << "[0x1e][0x89][0x98]Q[0xea][0x97]Z[0x9c][0x9c]Y[0x9a]W[0xa2][0x90][\n]"
19:17:13.981 [main] DEBUG org.apache.http.wire -  << "V[0x99][0x92][0xa9][0x90][0x92][0x99]\[0x92][0xa8][0x90][0x97][0x9f][0x94]Y[0xac][0x90]\[0x9a][0xab][0x90]Z\[0xa2][0x90]Z\[0x9c]J[0x9e]s[0x10][0xa5]<[0xb4][0xee]1U[0x8][0xce][0xc9][0xc4],[0x15][0x89][0xaf][0x9c][0xf1][0xfa][0x1e]Q<[0x6][0x4]+[0x98]b$[0xe0][0xf4][0xc4][0xdc]T[0x5]S[0x85][0xe2][0x92][0xc4]"D[0xe0][0xa2][0x16][0x8f]x[0x8d]G[0xe4][0x91][0x80][0xa2][0xc4][0xe4][0x92][0xcc][0xe4][0xc4][0x1c][0x85][0xe0][0xcc][0x9c]l[0x5][0xef][0xbc][0xcc][0xb4]T[0xc][0xeb][0x1c]S2[0xb]2[0x8b][0x93]3[0x15]2S[0x14]Jsr[0x12]s[0x91][0xc2][0xd0][0x88][0xf8]([0xb5][0x84][0xa7][0xa8]AS[0xa8][0x9a]Y [\n]"
19:17:13.981 [main] DEBUG org.apache.http.wire -  << "[0xa4][0x80][0xa2][0xfc][0x94][0xd2][0xe4][0x12][0x5][0xc7][0xd2][0x9c][0xcc]D[0x5]c[0x8c]P[0xc8][0xcc][0xcb]T([0x80][0xaa]I[0x84][0xab][0x81]6[0xbc][0x90][0xcb][\n]"
19:17:13.981 [main] DEBUG org.apache.http.wire -  << "|A[0x8f][0xd4][0xce][0xcb][0xce],H,VH[0xcc]K[0xc7]Rq[0xe7][0xa6][0xe6][0xa5][0xa7][0xe6][0x94]&[0x16]e'[0xe6]A[0x94]([0x14][0x3][0x0][0x0][0x0][0xff][0xff]"
19:17:13.982 [main] DEBUG org.apache.http.wire -  << "[\r][\n]"
19:17:13.982 [main] DEBUG org.apache.http.wire -  << "3B3[\r][\n]"
19:17:13.982 [main] DEBUG org.apache.http.wire -  << "J[0xcc]KO,Q[0xc8]N[0xcd]KN[0x4]7[0xd8][0xa0]6[0xe3][0xcf]ST[0xac][0x80][0xcc][0xcd][0x10][0xa9]28'55[! '[0x11]\28[0x83][0x93]!j[0x81][0x0]JNHi[0xd3][0xdc][0xc0][0xc]O[0x83][0xc][0xa9]h37C$[0x13][0xd7][0xbc][0xfc][0xa2][0xdc][0xfc][0xd2]b[0x5][0xe7][0xfc][0xbc][0xe4][0xa2][0xd4][0x92]T[0x85][0xf0][0xc4][0x1c]l[0x5]zPiRR*RV[0xb0]454![0xd2]:s[0xe4][0x4][0x0][0xcf][0xb]%[0xa9][0xa9]9[\n]"
19:17:13.982 [main] DEBUG org.apache.http.wire -  << "[0xce][0x19][0x89][0x99] CQ=[0xe6][0x98][0xa2][0x90][0x9a][0xa8][0x90][0x97][0x9a][0x9b][0xaf]P[0x96][0x9f]SZP[0x92]X[0x92][0x8a][0x9c]!L[\r][0x89][0xb5][0x19]Q[0xc2][0xd2][0xa6][0xc]77G[0x14][0xa2][0x1e][0x5][\n]"
19:17:13.982 [main] DEBUG org.apache.http.wire -  << "a[0x99]e[0xf9][\n]"
19:17:13.982 [main] DEBUG org.apache.http.wire -  << "[0x91]FF[0x18][0x9];7573'3;S[0xa1][0xb8] [0xb5]83-3;[0xb1]8S[0xa1]21/]![0xb1] 3[0x1b][0x11][0x89][0xc6][0xa0]&$[0xb1][0xd9][0xdd][0xdc][0x1c]Qd[0xe][0xb9][0x94]n[0x8e]H[0xe9][0xf4][0xf]8[0xb]D[0xba][0x8][0xce]M[0xcc][0xc9]Qp[0xcc])[0xcd][0xcd][0xcc]+[0xcd]Up[0xce][0xc9]O[0x6][0xc5][0x7]Z[0x82],-Q[0xc8][0xcb],[0xce]DJ[0x8e][\n]"
19:17:13.982 [main] DEBUG org.apache.http.wire -  << "E[0xa9][0x5][0xa9]99[0x89]%[\n]"
19:17:13.982 [main] DEBUG org.apache.http.wire -  << "[0xa9]%[\n]"
19:17:13.983 [main] DEBUG org.apache.http.wire -  << "[0xf9][0xb9]y[0x99][0xc5] [0x6]L[0x10][0xb9][0xf4]6&2[0xb1]Z [0x92][0x12]<W"[0xdc][0x85]5[0xa3][0x84][0xa5][0xe6]d[0x96](d[0xe6][0x95][0xa5][0xe6][0x95][0xe4][0x17][0xa5]*[0xa4][0xe4][0xe7][0xe4][0x17][0xa5][0x16]#[0xd9]nfA[0xac][0xed][0x88][0xb4]4[0x0][0xf1][0x81]H[0xc][0xb0][0xba][0x1f]#[0xb]Q[0xa5][0xda]7[0xb7]@[0x14]}[0x90][0x98][0x87][0x15][0xb0][0xde][0xa9][0x95]I[0xf9][0x89]E)[0x18][0xf6]z[0x16][0xe5][0x83]z}[0xd0][0xaa][0xc0][0xd2][0xcc][0x98][0xc8][0xc2][0xc7][0xc2][0x10][0xd1][0x80][0x84]y[0x8a][0x86][\r][0x1a][0xb]Pq[0xc][0xed][0xbb][0xd0][0xc3]:P[0xd3][0x1d][0xcd]:[0x8c][0xa0][0xa3]J[0x94]Y[0x18][0xd3]+qX[0x98] z[0x19][0xb0] [0xa4][0x91][0x9f][0x90]F[0x87]hm[0x13][0xa2][0xf2]uK[0xcc]+[0x81][0xb4]&|[0x13][0x8b][0x92]rRqu4[0xc2] un[0xb1]Br~QQiAI[0xa6]B^~qIQi.[0xa8][0xcc]+J[0xcd]H[0xcd]KI-[0xca],Q[0xc8]IL[0xca]/Bn[0xec][[0x10][0x9b]5L[0x90][0xca]_[0xc8]8[0x13]f[0x3][0x9c]:[0x89][0xc7][0x4]Q[0xa8][0xd2]:[0xa0][0x11][0x5][0xa8]kQz~^~nf[0xb2][0x82]OjbIFj[0x11][0xae]F[0x95]k[0x89]BQjriqb^Jb[0xaa]Br~^qjaibIi[0x91]Bjfi[0xb1]BJfqIf^rIf[0xbe]Bb)r'[0xf]T[0x11][0xd3][0xc7][0xb3]0A[0xca];[0xe0][0xf6]$[0xa2]B[0xc9][0xcf]-(-[0x1][0xb7][0xe8]P[0xeb]:[0x17]P[0x1d][0x92][0x99]TZ[0xac]P[0x9c][0x9a][0x82][0xe8][0xeb][0x81]:[0x9e]I9[0x89]y)[0x99]%[0x99][0xe0][0xba][0xe][0xa9][0x92][0x1][0xe5]P[0xe2][0x9c][0x83]T[0xfa][0xd2]6[0xde]M[0xe9][0x96][0x95]A[0x8d]Q[0xfa][0x14][0x84][0xa6][0x98][0x15][\n]"
19:17:13.984 [main] DEBUG org.apache.http.wire -  << "[0xee][0xe2][0x9][0xff][0xb0]5z[0xff][0x89][0x8a]}[0x18][0xb]S[0xba]enS[0xba]enS[0xa4]|D0[0xe1][0xe]`[0xd0]#F[0x1d]h\[0xda][0x99][0xd3][0xcf]&D[0x99]1[0xd4]:9[0x96]F[0x88][0x1c][[0x92][\n]"
19:17:13.985 [main] DEBUG org.apache.http.wire -  << "*[0xcb][0xd3]a[0xc3][0x1b][0x18][0x19][0xb7]$#[0xb3]X![0xb3]X[0xa1]$#[0x15][0xa6]F![0x5]iR[\n]"
19:17:13.985 [main] DEBUG org.apache.http.wire -  << ">[0xff]d[0x8][0xea]"[0xe2]i[0xd4][0xc3][0xb3][0xb2][0x1]"[0xe0][0x14][0x1d][0x94]UT1[0xac]L[0xc3]6[0x1][0x5][0x9b]~225DTh[0x90]i*[0xe2][0xc]@[0x1a]h[0xb0]4B[0x14][0x5]#[0xd3][0xff][0x88][0x2]jd[0xfa][0x1f][0x91][0x84]F[0xa6][0xff][0x11][0xd5][0xc6][0xc8][0xf4]?[0xa2][0x96][0x18][0x99][0xfe]G[0x14][0xc1]#[0xd2][0xff][0xc6][0x88]V[0xf8][0xc8][0xf4]?b[0xb6]wd[0xfa][0x1f]1[0xf8]02[0xfd]?[0xa2][0xdb][0xc6][0xc6]H[0x13]MT[0x8b][0xe4]i@[0xf4][0x5]*[0x88][0xb6][0xa7][0xb1][0xb1]9[0x1d][0xf2][0x9e])[0xce]5D[0xc6][0xc6]H[0xb3]^T[0xf3];[0xa8][0xed][0x8f][0xd4][0xf4][0xc7]k=[0x1d][0x9a][0xde]x[0xed][0x1f][0x80][0xa6][0xf]J[0xf4][0xd3][0xa1][0xe9][0x81]{[0x81][0x97][0xb1][0xb1][0xf9][0x0]T[0xfd][0xc8][0xfe][0xb7][0xa0]C[0xd5][0x8b]/[0xfb]![0xcd][0xfa]S5[0xf9]#g[0xf4]Q,[0x14][0xff][0x93]S[0xf4][0x2][0x0][0x0][0x0][0xff][0xff]"
19:17:13.986 [main] DEBUG org.apache.http.wire -  << "[\r][\n]"
19:17:13.988 [main] DEBUG org.apache.http.wire -  << "6BE[\r][\n]"
19:17:13.989 [main] DEBUG org.apache.http.wire -  << "[0xa2][0xb0][0xeb][0x8d]b?"[0xff]y[0x4]([0xe4]f[0x96][0xe4]ct[0x9f][0xc1]#[0xdc]%[0xa9]EI[0x89][0xc8]S[0xc0][0xa6][0xa0]5[0x0]D[0x8c][0xa6][0x1a][0x1b][ [0xb2][0x18]i[0xab]=[0xd0][0xf3]-|[0xc8][0x0]iZ[0x82][0xbc]E[0xab][0xc6][0xc6][0xc8][0x13]l[0x4]G[0xca][0x8].[0xaf][0xc5][0x97][0xc2],[0x11]1L[0xee][\n]"
19:17:13.989 [main] DEBUG org.apache.http.wire -  << "[0x1e]|[0x19][0xd8][0x12][0x11][0x81]T\u[0x8a]'[0xc9][0x9a][0x80][0xe6][0xfd][0xe9]1[0x92]ll[0x82][0xb4][\n]"
19:17:13.989 [main] DEBUG org.apache.http.wire -  << "[0x91]^~CD[0x16]MG&[0x8d]M[0xc][0x10][0xf1][0x86]Xy[0x15][0x9e][0x9f][0x9f][0x92][0x9a][0x87]k[0xed]UNfb[0xb1]BZiz[0xa2][0x2][0xca],[0xb][0xfe]e?H[0x99][0xdd][0xc4][0x0][0x91][0x13][0xa9][0xb7][0xb4][0x1c]oRA[0xd4].0[0xb][0x8d](^[0xcb][0x8e][0xcf]BCDu[0x2][0xb3][0x90][0xf2][0xc5][0xf3]x-D4[0xdf][0xe8]d!b[0xac][0xe][0x9a]B[0xcd][0xb1][0x97][0xd8]D[0xed][0xb][0xc0][0xeb]5Dj[0x9]H[0xcc]I[0xf4][0xc9][0xf7][0x1]-[0xd6]G[0x9d][0x85][0x3][0xd7][\r] [0x9b][0xb0]L&[0x18]#[0xaf]([0xc1]S[0x84][0x99][0x18]"[0xda]@[0xe4][0x96][0x90]x[0xfd][0x81]H[0x84][0xb4]0[0x1e]i[0x85][0x1]}[0xd6][0xfc][0x1a][0x9b][0x18]![0x12][0x1d]M|[0x84][0xe8][0xe][0xd3][0xc4]xD[0x19]K[0xb7][0x0]C[0x14][0xb6]t[0xb3][0x12][0x91]O[0xa9]i%[0xbe]|d[0x84][0x18][0xc6][0xa6][0xa6][0x95][0xf8][0xf2][0x96][0x11][0xa2][0x8c][0x80][0x96]F[0xb4]Y!alb[0x84][0xc8][0xc5]4j[0xa8][0x9a] [\r][0x3][0xd2]2[0xfc]`[0xcd]X[0xb]CD[0x12]qLNN-.[0x86][0xec][0xce]B[0xdf][0xe5]U[0x92][0xaf][0x90][0x9a][0x97][0x91][0x98][0x97][0x9c][0xaa][0x90]X[0x0][0xda][0x9b][0x0]b"o[0xc1]26[0x1]-[0xf6][0x82]6[0xc9][0x8a]S[0xb]RS0[0xb][0xea][0xc4][0xcc]J[0x90] ty[0x98][0x11]h[0xdd][0x1]1[0x8d]w[0x13]cDY@[0xcb]0An[0xa5][0x80][0xea][\r][0x1a]y[0x86][0xfe][0xc5][0x80]1"[0x8e][0x83][0xc1]1[0xa3][0xe0][0x93]Y\R[0x4][0xee]I[0xa1]V[0xa5]P[0xe9][0x1c][0x88][0xb4]B^zjR)hw[0x3][0xe9]Q[0x86]([0x6][0xa0]fB[0xad]TpJ[0xcc]I[0xc4][0xdc][0x96][0x7]U[0x84]j[0xb1]BRb^:x[0xc3][0xc][0xd4]~S[0xe2][0x93][0xc][0xa2]L[0xa0][[0x92]A[0xb4] [0xe8]f%[0xa2]<[0xa2][0x97][0x95]H[0xeb][0xfe][0xa0][0x1b]q[0xa0][0xfd][0x5][0xa7]D[0xcc]m[0x9b][0xa1]%[\n]"
19:17:13.989 [main] DEBUG org.apache.http.wire -  << "[0xa9]EE[0xf9]E[0xc8]+[0xb7][\n]"
19:17:13.989 [main] DEBUG org.apache.http.wire -  << "[0xf2][0x8b][0x8b]3sK[0x8b][0x15]r[0xf3]s@[0xf3][0xfc][0x89][0xa9][0xe0][0xc5]S[0x99][0xb9][0x5][0xa9])[0x99][0xc8][0xb][0xb7][0x88][0xef]R u[0xc5][0x11][0xdd][0x18][0x9f][0xcc][0xbc][0xd4]<[0x5][0xa7][0xfc][0x92][0x92][0x1c],[HJK[0x14][\n]"
19:17:13.989 [main] DEBUG org.apache.http.wire -  << "R[0x8b][0x8a][0xb]2[0x93]3[0x13]K2[0x8b][0xa1][0xab][0x81][0xa1][0xbb]t[\n]"
19:17:13.989 [main] DEBUG org.apache.http.wire -  << "[0xf2][0x8b][0x8a][0xf2][0x15]2[0xb][0x8a]A[0xfb]t[0x12][0x91][0x16]o[0x91][0xe0]$[0xfa][0x17]Y&[0x88]&[\r]d?[0x4]$[0x4]p[0xec][0x90][0xf2]OK[0xcb]L[0x6][0xad]NC^I[0x97][0x98][0x97][0x99][0x9b][0x9][0x8f][0x98]b[0xc4][0x12]n[0x85][0x94][0xd4][0x9c][0xd4][0xbc][0xcc][0x92]L[0xf2][0x2][0x83][0xfe]E[0x1e][0xd2]ZF[0xf7][0xfc][0xa2][0xf4]T[0xd0][0xb6][\r][0xc8][0xb6][0xc][0x5]l[0xdb]C[0xfc]S2K i[0xa0]4[0x17][0xb4]~P[0x1][0x92][0x4][0xc0][0xab]63[0xf3][0x8b][0x13]sA[[0xc8][0x14][0x12]s2[0xb]K3S[0x14][0x8a][0xc9]M[0xa7][0x88]B[0x11][0x91]N[0xdd][0x8b][0x12][0xf3]2KR[0x15][0x9c][0xf3][0xb1][0xec]#s-[0x1][0xf5][0xb5]3[0x13]a[0xcb][0xe6]s3[0xf3]2s[0x13][0x15][0xf2]Js[0xb]K[0x13]s[0x15][0x8a]K[0x8b][0x93]3[0xb][0xc8]u[\r][0xa2][0x88][0xc][0xae][0xcc]K-J[0x7][0xad][0xa0]L[0x86][0xec]i[0xb][0xce][0xc8],[0x2][0x95][0xfb][0xa8][0xb5][0x83]+h[0xcb]Z[0x9]<U[0x80][0x17]>[0x16][0xe4]$&[0xa7][0x82]W[0xf6][0x93][0x95]4@[0x5]:[0xb4][0x9e]U[0xa0]Q[0x17][0xd2][0x14][0x91][0x15][0xc9]j[0x1e][0x12]9[0x8a]jB[0xd2][0x92]C[0x82][0xa3]y[0xf8][0x1a][0xbc]H[0xab][0x6][0xe9]U[0xec]#-[0x1f][0xa4][0x9b][0x95][0x88][0xdc]B7+[0x11]Y[0x82]nV"Z[\r]d[0xa5]N[0xd4]#[0x16][0xf0][0xa6][0x1a]Dc[0x81][0xc6]6[0x99]![0x6][0xc0][0xa0]6a[0xee][0xa8][0x87][0xf][0xda]`[0xc9][0x9][0xf8][0xb7][0x8e][0xc2][0xba].[0x94][0x1f][0x1b]alb[0x86][0x18][0xc4][0x80][0xba][0x94]V]G3[\n]"
19:17:13.989 [main] DEBUG org.apache.http.wire -  << "K![0xe2][0xe3][0xd9][0xc][0xa9][0x1d]@[0xf9][0xac][0x2][0xbe][0x14]e[0x86][0xa8][0xd7]i[0x1d]zH=[0x18][0x1a][0xfb][0x9]Q[0xea]@[0xfd]4h[0xd3].[0xa2][0xb0][0xc2][0xe9]R[0xc4]nI|[0xb5][0x18]Us[0x14]FyFI[0xf8][0xd1]p[0xf6][0xcd][0x4]i[0xc1][0xc5] [\n]"
19:17:13.989 [main] DEBUG org.apache.http.wire -  << "?[0xa4][0xd3][0x1b][0xa0][0xae][0xa2]U[0x89][0x84][0xb4][0xe8][0xc3][0xf][0xb4][0xc5][0xd6]%[0xb1]4O[0xc1]+[0xb5][0xa8][0x14]sO'X[0xbe]<5/1;[[0xa1]$5/1O![0xb7][0xb4]([0x17][0xbc]![0x6][0xda]37[0xb4]D=[0xcf][0x5][0xbd][0xd8][0x80]%1[0xb]KD[0xaa]M[0xce][0xcf]+[0xc9][0xcf][0xd0]MF[0x9c][0x9][0x84]>[0xea][0xe4][0x96]X[0x9c][0x91][0x99][0x9f][0x97][0x98][0x94][0x93][0x8a]:[0xd6][0x84][0xb4]`[0x4][0xec]6[0x84][0xdb][0xc1][0xa7][0x84]([0xa4][0xe7][0x17][0xa5][0x82]w[0xa5][0xa3]6`[0xc1]j[0xa9][0xe4][0xf]D:'[0xec][0xf]L[0x15]H[0x87][0x17][0x19][0x9b] [0x1d][0x9f]A[0xeb]8[0xa7][9[0x8a][0xb4]g[0x99][0xd6]~[0xa2][[0xbb][0x6][0xb4]g[0xf][0xda]Y[0xa1][0xb1][0x9f][0x90][0xce]e[0x88]p[0xca][0xaf]P[0xc0],C[0xe9]_[0xb2][0x83]6[0xd2]A}[0x8f][0xc3]M[0x84]OI[0xc2]U,P[0xa3]-[0x87]t[0xd4][0xce][0xe0]t[0x1f][0xdd][0xd2])[0xd2][0x91]\8B[0x2][0x91]z[0xe8][0xd7][0xd6]F:[0xc6]k0[0xb9][0x8a]n[0xad]e[0xa4]E2[0xd8][0x97] [\r]l[0xf6][0xb1]D4|[0xb1];o@[0xd2][0xc][0xa2][0x96][0xc5][0xee][0xa8][0x1][\r]3[0xe4]3[0xd0][0xb0];[0xf]W[0x98][0xd1][0xb0]][0x8b]|l[0x1a]mk)S[0x3]D[0xde][0xc1][0xee][0xfd][0x1][0x8e][0x1d]Dc[0x7][0xbb][0xf3]p[0xc5][0xe][\r]k)S[0xd0][0xc1]C[0xd0]Z[0x94][0xd6][0xb1]Cy[0xde][0xa1]e2EZ%5xb[0xc7][0x10]1[0x1e][0x84][0xdd]Q[0x3][0x9b][0xa2][0x91][0x8e]I[0xc1][0xee][0xbc][0x81]H[0xd1]X[0xe]S[0xa1][0xcd]H[0xbe])[0xd2]Z[0x5][0x1a][0xe7][0x1d][0xa4][0xfd][0xbc][0xb4][0xb6][0x9][0xd1][0x1f][0xa6][0xb5]M[0x88][0xf2][0x80][0xc6]6![0xad]F[0xa3][0xb5]M[0xf4][0x1a]U5E[0xda][0x9e]Mk?![0xaa]-Z[0xdb][0x84]h[0xf2][0xd1][0xda]&[0xba][0xa5]r#[0xfa][0xa5]rz[0xf5][0xe7]L[0x91][0xd6][0x84][0xd1]8[0x9e][0x90][0xd6]p[0xd1][0xda]&D[0xce][0xc5]^[0x95][\r]lMk[0x8c][0x98][0xda][0xc0][0xee][0xbc][0x81][0xa8]i[0x91][0xd7]q[0xd1]t[0x16][0xc4][0xd4][0x98]n%[0x3][0xe8]<$h{[0xd8]#@[0xc1][0x19]t2_&[0x96]#fsR[0xb]J[0xf2][0xb][0x14]0v[0x0]Y[0x82][0x0][0xd2]6?[0xf4][0xa6];[0xd2][0x9a]>Sc[0xaa][0x16][\r][0x86][0xb8][0xf7]3[0x9a]"-[0x92][0x1a][0x88][\r]][0xc8][0xa3]iT[0xb3][0x1f][0xdf][0x4][0x12]r([0x9b] 26![0xbb][0x11]y[0x8]m[0xb3]&[0xbe]XDZ[0xe6]D[0xc8]|[0xaa][0x9d][0x13][0x83][0xe2]?D[0xc9]@U[0xfb][0x89]L[0xc4]&[0x88][0x9c]IU[0xeb][0x89][0x8e]^D&[0xa2][0x99][0xfd][0xe8][0xdd]N[0x94][0xe0]G[0xd4][0xba]4[0xb3][0x1f]_[0xf2]CZ[0xb0]40[0xf6]#z[0xa8]4[0xb3][0x1f][0xfd][0xa2][0xe][0xe4][0xf0]GZME3[0xfb][0xf1][0x86]?b[0xcc]i`[0xec][0xa7]Q[0xf6]'6[0xff]!-[0xc4][0x1a][0x18][0xff]#[0xca][0x1f]X[0xb][0xd1][0xd4][0x94]FS[0xd4][0xa6]HG[0xc9]QwK[0x81][0xa9])[0xa2][0x18]C>[0xd0]?[0x18]|[0xd2]vpF>[0x96];[0x5]<A7[\n]"
19:17:13.990 [main] DEBUG org.apache.http.wire -  << "[0x80]&[0xca][0xe1]w[\n]"
19:17:13.990 [main] DEBUG org.apache.http.wire -  << "[0x80].[0x16]H,&kM[0xac][0xa9])[0xa2][0x1c][0x83][0x85]#[0x8d]FM0Wc[0xd1]*[0xba][0xe8][0xb6][0x9a][0xca][0x94]n[0xab][0xa9]L[0xe9][0xb6][0xc6][0x9][0xbc][0x97][0x1d][0xda][0x12][0xa6]u[0x8a]@$~[0xf8][0xe9][0xd9][0xb0][0xb3][0x9d][0xb1][0x9f]2[0xf]?[0xe6]6[0xb3][0xb8]$U!/?O[0xa1][0x0][0x0][0x0][0x0][0xff][0xff]"
19:17:13.990 [main] DEBUG org.apache.http.wire -  << "[\r][\n]"
19:17:13.990 [main] DEBUG org.apache.http.wire -  << "78F[\r][\n]"
19:17:13.990 [main] DEBUG org.apache.http.wire -  << "*[0xca]/[0xcb]L[0x1]][0x82][0x91]ZL[0xd6][0xaa]}S[0xa4][0xf5]7.[0xa5]E[0xa0]5[0x1e][0x90][0xb5][0xc7][0xd8]][0x10][0xc]][0xea][0xac]PX[0x9a][0xf]9M[0x17][0xb2].;3[0x8f][0x9c]u[0xc7][0xa6]t[fc[0x8a][0xb4][0xcc][0x86][0xc6][0xd1]J[0xb7]e$[0xa6]H'[0xf9][0xd3][0xda]Ot[0x1b]8B:[0x84][0x84][0xc6]~B:n$ [0xd8][0x4][0xb3][0xd4]/6QHJ,*E[0xf4][0x8e][0x8c][0xf1][0xaf][0xad]Bn[0x9e][0xd1]m[0x89][0x8a])[0xd2][0xa1]%[0xb4][0xe]/D[0x93][0x8f][0xd6]6![0x1a]w[0xb4][0xb6][0x89]n[0x83][0xbc][0x16][0x98][\r]6[0xcc]$G[0xf4][0x1d]~[0xf8][0x9a][0xe6]Hg[0xac][0xd0]:[0xf4][0x10][0x15][0x18][0xad]m[0xa2][3[0xcd][0x12]c[0xd1]<[0xad][0x9a]iH[0xcb][0x83]h[0x1c]zHK~hm[0x13][0xdd][0xca][0x8]KD[0x19]A[0xf5][0xd2][0xdb][0x92]n[0xa5][0x2][0xd2]j[0x1f]Z[0xc7][0xc][0xbd][0xf2][0xaa][0x19][0xd2]I=[0x88][[0x5][0x10][0x87][0xf8]c[0xb9][0x15][0xca][0xb1][0xb4]D!)5[0xb1]$1[0x15][0xbe][0xa9]-5W!7[0xb1]"37[0x15]r[0xa7]RfNNi.h[0xc3][0x1f][0xe8]b>[0xe4][0xcb]b[0x88][0xde][\n]"
19:17:13.990 [main] DEBUG org.apache.http.wire -  << "j[0x86]t[0xe0][\r]m[0x83][0xda][0xc][0xe9][0x14]k[0x1a][0xdb]4[0xb8][0xd7]I[0x98][\r][0xc6]u[0x12]f[0xf4]Z'ab[0x82]T[0x95][0xd0][0xe8][0xe2]L[0xea][0x9e]\[0x86][0xbb]Qab[0x86][0xb4][0xaa][0x97][0xa6]i[0xda][0xc4][0x8c]n~2G[0xf2][0x93]cyjq~n[0xaa][0x2][0xe8][0xe6]$[0xd0][0x5]v%X[0xf6][0xaa]C[0xef][0xdb]B[0xf4][0x7],[0xc]A[0x1d]0"[0x8e][0xce]01GJ[\n]"
19:17:13.990 [main] DEBUG org.apache.http.wire -  << "[0xbe][0xa9])[0x99][0xf9][0xc9]E[0xa9] k[0xc0][0xf7][0xe4][0xe1][0xd8][0x19][0xe][0xb9][0xf0][0x6]a[0x9b][0xa9]%hN[0x9d]8[0xdb][0x10][0x83][0xd3][0x88][0x12][0x18]v[0xaf][0x8b]3[0xae][T[0x9c][0xf3]KJ[0x90][0xef][0x8d][0xb2]0[0x3][0xdd]yC[0x9c][0x85][0x88]j[0x1f][0xbe][0xcd][0x1b]|)'[0x8e]}[0xff]P[0xb7] y[0xce][0x1c]4hE[0x9c]][0x88][0x8a][0xdf]1[0xb5](?[0xa5]2/[0x11]tm[\r]$[0xb8][0x14]B@[0x3][0x18][0x18][\r]k[0xf0]x"[0xc2]6KSPk[0x9c]8[0xdb][0x10]M[0x1][0xe8]9[0xb][0x90][0xed][0xfc]8[0xae][0x1c]D[0xb3][0xc8][0x84][0xd8][0xea][0xc9][0xc4][0x1c][0xa9]%[0x80][0x88]3[0xf8][\r][0x87][0xd8][0x87]BAA[0x8c][0xe4]+3c[0xe4]K[0xb3][0xf1][0xe4]fs[0xa4][0xdd]?[0xb0][0x94][0xf][0xb7][\n]"
19:17:13.991 [main] DEBUG org.apache.http.wire -  << "g[0xfa][0x80][0xee][0x90]GXhAl[0xd8][0xc4][0xdc][0x12][0xd1][0xfa][0x80][0x6]#[0xe4][0xde][0xd8][0xf0][0xc4][0x92][0xe4][0xc][0x8c][0xe8][0x82]5[0x16][0x10]V[0x99]X[0x82]N[0x12] &[0xc6],[0x90][0x8e]$[0x84]g5[0xe8][0xd9][0x18]8[0xbd][0x6]9[0x92][0x0]a[0x9d][0x91]1[0xa8][0x11]C[0x94]uH[0x13]1[0xb4]-[0x18]-L[0xe9][0xd4][0x83]4[0xb1]@[0x1a][0x19][0xa1][0xb1][0x9f][0x90][0xc6]I[0xe8]6[0x8d][0x2][0xdb][0x3]g[0x8a][0xd4]N[0x1b][0xa0][0xdb]F,[0x90]Fo[0xa8][0xe6]|SX[0x83][0xca][0xef][0x88][0xa2][0x95]j~'[0xb0][0x80][0x81]B[0xef]#F[0xf8]L,[0x90]FY[0xa8][0xea][0xfa]![0x13]{[0x88][0x11][0x19][0x9a][0xf9][0x1f]}[0x1][0x2][0x85][0xd1]G[0xcd]{[0x82],[0x90]Zt4[0xf3]?z[0x15]>[0xa8][0xfc][0x8f]hc[0x8e]L[0xff][0x13][0xbf][0xbe][0x8a]j[0xeb][0x9f][0x6]U[0xfc]#[0x9a][0xfc]#3[0xfe][0x11][0xdd][0x90][0x91][0xe9][0x1a][0xd5][0xde]C[0xa5][0xfe]C[0xea][0xaf][0x8d][0xc4][0xf8][0xb7][0xa4][0xd7][0xd2]d[0x13]K[0xa4][0xa5][0xc9]![0x89][0x19][0xa5][\n]"
19:17:13.991 [main] DEBUG org.apache.http.wire -  << "I[0xa5]9X[0x8e]h[0xc3]w[0x90][0x11][0xfe]C{[0xe0][0xa5][0xaa]![0xa2]IC[0xee][0xed][0x81][0xd4]][0xdb][0x8c]^[0xff]#[0xda][0x9f][0xc6][0xa6]H]x[0x9a][0xf6][0xd1][0x8c]M-[0x11][0xc1]B[[0x9b][0xcc][0xc][0x10]u*[0xad]mB[0x94][0xde][0xb4][0xb6][0x9]QN[0xd2][0xd8]&[0xba]m[0x96]3C:[0xa4][0x1d][0xfb][0xae][0x8c][0x1][0xdd]4b[0x86][0xb4][0xef][\r][0xbb][0xf3][0x10][0x3]=t;v[0xc1][0xc][0xe9][0x9c]v[0x1a][0xa7][0x3][0xa4][0x1b]\[0x3][0x82][\r][\r]0F[0xd7][0x88]/)[0xf1][0x1c]0nfD[0xb7][0x1c][0x84]t[0x94][0xf9][0x10][0xbb]M[0xd7][0xd8][0xc][0xe9]Lt[0xf8][0xc0][0xb8]SQ~^U[0xaa][0x2][0xf6][0xf5]u[0x8e][0xe0][0x8b]=[0x8a]R[0xb]RsrR[0xf3]RJ[0x8b][0x15][0x12][0x93]A[0xb7][0xad][0x83]N[0xea]-,%k[0x8d][0xab][0x19]h[0xde][0x0][0xba][0xa2][0x11]}D[0x14][0xc7][0xdc][0x83]#[0xd8][0xce][0xbc][0x92]L[0xd0][0xc9][0xbb]%[\n]"
19:17:13.991 [main] DEBUG org.apache.http.wire -  << "[0xf9][0xe0]Cj[0x13][0x15][0xca]Rs2K[0x14][0xf2][0xf2][0x93]2[0xc9][0x9b][0x82]E:[0xb7]}[0xc8][0xc5]$[0xd2][0xe6][0xbf][0xa1][0xe7]vD_}[0xe8][0xb9][0x1d][0xd1]&[0x18]znG[0xf4][0x91]i\[0xe6]#[0xed][0x93][0xf4][0xcc]K.JM[0xc9]L[0xca]IU[0x80][0x95]49[0xf9][0xc9][0x98][0x87][0xc9][0xb9]&[0xc2][0xcf]-VH[0xcd][0xcb][0x84][0xac][0xae]([0x6][0xe5][0xef][0xd4][0xe2][0xe4][0xcc][0xd2][0xbc][0x12][0x85][0x94][0xd2]d[0xf0][0x9][0xe1])[0xf9]9[0xf9]E[0xa9][0xb9][0xe4],[0xf0]5[0xa3][0xdb]^I3[0xa4]n[0x2][0xad][0x3][0x9b]n[\r]b[0xa4]Mv4[0xf6][0x93][0x9][0xdd][0x9a][0xa9]H;[0xe7]h[0x92][0xa1][0xd1][0x1b]-[0xf0][0xee][0x1d][0xd2][0xf1][0xf4]d[0xde][0x14]gfB[0xf9]2h[0xe2][0xa6]h[0x8d][0xcd]L[0x10]3[0xa6]4[0x8e]z[0xa4][0xad]t[0xb4][0xb6][0x9]Q[0xf][0xd1][0xda]&[0xba][0x95][0xbc]H[0x1b][0xc1]h[0xed]'[0xca][0x13][0x1f]q[0x9b][[0xcd][0xe8][0xb6])[0xca][0xc][0xb4][0xea][0x3][0xda]4[0xa5]q[0xe8][0xd1][0xed]8f33[0xba][0x15][0xa5][0xa0]k7[0xe9][0x14]zt[0xab][0xf2][0xe8][0xb6]O[0xc7][0xc]i[0x9f][0x8e]G[0x81]BXfY[0xbe]B[0xa4][0x91][0x11]Fw97573'3;S[0xa1][0xb8] [0xb5]83-3[0x1b][0xb4][0xf7][0xb0]21/]![0xb1][0x0]|u[0xf][0xf4][0xe8]]c[0x3]0@[0xca]b[0xe8]5[0x11][0xd2][0xf0][0x9d][0x99]9)[0xdd]g,[0x17][0xea]!Y[0x83]>JH[0xbd][\n]"
19:17:13.991 [main] DEBUG org.apache.http.wire -  << "[0xcf][0xc4][0x4][0xe9][0xc2]Rh[0xfe]4[0xc6][0x8] [0xe2][0xc7][0x13][0xd0]][0x8a][0x8][0x10][0x13][0x13]KR[0x2][0x4][0xcb]a[0xf5][0xf8][0xc7]xQlB[0xac][0xa3][0xa1][0xd1][0xb2]L[0xa4]3[0xd5][0xc8][0x1c][0xb1][0xc6]7[0xb][0x82][0xe4][0x17]S[0xa4][0x5][0xc0]d[0xda]Dt[0xb8][0x99]"-[0x9c][0xa5][0xbd]][0x88]8[0x82][0xa6];[0xda][0xec][0xc2]015[0xa4]S[0xad]jbJ[0xaf][0xfd][0x1e]&[0xa6][0xf4][0xda][0xef]ab[0x8a]Y>[0xd0]*[0x9e][0xe8]V>[0x98][0xd2]k[0xf7][0x87][0x89])[0xd2][0x1c]"[0x8d]S9[0xbd]f[0x8b]L[0x90]w[0x80][0xfd]df`@[0xda][0x10]4x[0xbe][0x89][0x98][0xa5][0x97][0xd8][0xa6][0x8b]t1[0x17][0x93][0xe2][0xab][0x9e][0x8c]A[0x8b]E[0x89][0xb3][0xb][0xad]CAKoa[0xd6][0x84][0xba][0xe5]$[0xd5][0xba]$x[0xb][0xb3][0xad][0xaa][0x9b]BE[0xbb][0xa0]m[0x11]c[0xb][0xd0][0xd2]dhS[0x15]2[0xb7][0xaa]k[0x86]aMZ~[0x91][0x2]DR[0xa1][0xa0][0xb4][0xa8] [0xbf]8[0xb5][0x18][0xf9][0xba][0x1][0x13]3,[0x87][0xb6][0xea][0x96]a[0x18]C~[0x84]S[0xd7][0xb5]H+[0xc4][0xc0]9! [0x98]Fe[0xa3][0x19][0xdd][0xca]Fs[0xa4][0x9a][0x5]~d[0x81]s~AAj[0x11][0xd6][0xfb][0xdc][0xd0][0x96][0xc3][0x1b][0x19][0x81]F5[0x88][0xc9]o[0x16]HS[0xc1][0xe0][0xdb]"[0x86][0xf2][0xcd][0x12]&[0x16]H'4[0xd3]6)X[0xd0][0xeb][0x94][0x11][0x13][0xb][0xa4][0xbb][0x11][0x8]-[0x80]A[0xcc][0xb7][0xd2]v}.U[0x17]x"[0xdd][0xb3]@[0xc8]T[[0xe0][0x87][0xd4][0xb4][0xb7]@Zv[0x81]1u[0x88]}[0xf]ej.[0xe4][0xee][0xc4][0xd4]b[0x85][0xb2][0xd4][0xbc]L[0xd0][0xc5][0x84][0xf9]9[0xa5]%[0x89][0xb0][0x9d][0x94][0xc9][0xa5][0x5][0x99])[0x99]%[0x89]%[0xa9][\n]"
19:17:13.991 [main] DEBUG org.apache.http.wire -  << "[0xf9][0xc9][0xc9][0x89][0xa9][0xc9][0x89]([0x17]I[0x9a][0xe3][0xe9]S"9[0xcc][0xd2][0x0]Qg[0xc]D[0xc0]X"[0xcd]u@3[0x93][0x5]Iu[0x0][0xd1]=[0x1e]KzM^[0x98]X"U[0x8f][0xb0]CX[0xa0][0x93]7[0xd8][0xaf][0x80][0xc]I[0xcd]-[0xc8]/[0x2][0xdf][0xfc][0x98][0x9b][0x98][0x99]_[0x94]Z[0xac][0x0][0xb9]44[0xb1][0xb4][0x4]tGf"[0xe8]2W[0xa4][0x9][0x1b][0xd0]<4[0x11][0xe5][0xae][0xb1][0x19]hG[0x1b][0xb4][0x9e][0xe]([0xca]O)M.Qp,[0xcd][0xc9]LT[0xc0][0xec][0xf7]g[0xe6]e[0x82][0x8e][0x9f][0x1][0xab]I[0x84][0xab][0x81][0x8e][0x86][0x10][0xd7][0x81]563[0xa7]SG[0xcf][0xd8][0xcc][0x1c]1[0xa0][0x8e]}U[0xc8][0xc0].ZA[0xda]s[0x83][0xdd]y[0x88]B[0x14]u[0xd1][\n]"
19:17:13.991 [main] DEBUG org.apache.http.wire -  << "[0xce]E[0xf2]T[0x98][0xef]@[0xda][0x9e][0x83][0xdd]Q[0x3][0x1c]f[0x88]F9v[0xe7][0xe1][\n]"
19:17:13.991 [main] DEBUG org.apache.http.wire -  << "3[0xf4][0x81](h[0xc3][0xcf][0x8][0xf9][0xc4]Nr[0xe7][0x88][0x90][0xea][\r]p[0xe][0xca]Vp[0xcf]L[0xcd][0xc1]([0xa1]B@[0x97].[0xe7][0xa5]+[0xa4][0xa4][0x16]g[0x17]e[0x16][0x14]g"[0xdc][0x8a]v[0x96]*[0xbe]aD[0xb]DY[0x8c]d[0x99]Bv[0xaa].[0xe6]@&[0xf1]6[0xa2][0x7][0xf][0xa2][0xf4]76[0x3][0xed][0x9c]D.  [0xde][0x3][0xd9][0x88]YBP[0xc9]F[0xc4][0x8][0x8d][iQ^fIiQ[0xaa]B[0x8][0x0][0x0][0x0][0xff][0xff]"
19:17:13.991 [main] DEBUG org.apache.http.wire -  << "[\r][\n]"
19:17:13.992 [main] DEBUG org.apache.http.wire -  << "A70[\r][\n]"
19:17:13.992 [main] DEBUG org.apache.http.wire -  << "[0xca][0xc7][0xbc][0xbc][0x1c]![0x9b][0x92]X[0x94][0xa9][0xe0][0x95]Z[0x90]X[0x84]t[0xd1][0xbd][0xa1][0x9][0xb1]soH[[0x90][0xc1][0xa1]J[0xeb]B[0x10][0xa9][0xa7][0x80][0xf0][0x3]M}[0x88][0xd4][0x8e][0x87][0xd6][0xa1][0xb4][0xe9][0x9b][0x18][0xd3][0xad]oblF[0xaf][0xd1][0x14]c3[0xa4][0xdd][0xac][0xb4][\r]=s[0xd0][0xf8][0x4]4[0xb7][0xd1][0xda]&DYJk[0x9b][0xe8]U[0xe5][0x9b][0x1b] [0xaa]|[0x1a][0xfb][0x9]i[0xc4][0x9f][0xd6]6![0xd6]Cy[0x6]x[0xf8][0xfb][0xb9]*[0x18][0x9a]*[0x4][0x4][0xf9]cT0[0x1e][0xae]~[0xee][0x1][0xfe]~[0x88]j[0xc5][0x4]4[0xd1]OL#[0xd0][0x1c][0xe9][0xdc][0xe]Z[0xfb][0x6]Q[0xd1][0xce]7tKoH[0xeb][0xa2]i[0x1c]nHK[0x9c]im[0x13]"[0xbd][0xd1][0xda]&[0xcc]qO[0x8c]D[0x8d]ol[0x8f][0xd8]~[0x9d][0xb1]9[0xa8]7[0x4]-U[0xdd][0x12][0xf3]J[0x12][0xc1][0xc7]p@[0xf][0x90][0xf0]I[0xcc][0xc5]lY[0xb8][0x96](dd&+d[0xe6][0xe4][0xe4]#u[0xaa]@[0x8b][0x17][0x88][0xca]OH[0xb]p[0x93][0x12][0x8b]SS[0x8a][0xd2]2+0[0xbc][0x6][0x96]IMK,[0xcd])I)B[0xe4]Z3K[0xd0][0x1][0x9d][0xc4]YC[0xaf]IzscD[0xa2][0xa0][0xcd][0xd4]9[0x9e][0x16][0xa8][0xb9]1[0xdd]j*z[0xed]q26[0xa7][0xdb][0xe2]Es[0xba][0xed]P2G[0xea][0xd2][0xb8][0xe4][0x0][0x9d]S[0x3][0xcd][0xcf][0xb4][0xb6][0x9][0xd1][0x17][0xa1][0xb5]M[0x88][0xcc]L[0xb3][0x9a][0x11][0xd4] [0x80][0x86][0x1b][0xfd][0xb3][0xb1])b1[0xe0][0x0]X[0x8e]([0xc0]h[0x1c][0x8f][0xa6]t[0xab][0xd5][0x90][0xce][0x87][0x19][0x80][0x0]Ed[0x8c][0x1][0xb0][0x1c][0xd1][0xce][0x1f][0x0][0xcb][0x11][0x19][0x95][0xfe][0x96]#M[0xf7][0xc][0x80][0xe5][0x3][0x99][0x83][0x91][0x8e][0x9e][0xa7][0xc7][0x18][0x8d]9[0xdd][0xd6][0x8f][0x9a][0xd3][0xed][0xa8]{s[0xa4][0xf5][0xa3][0xd8][0xc7]O[0x7]tx[0xd7][0x1c][0xd4][0xf0][0x85]VO[0xd8][0x9d][0x87]h%[0xa3][0xe][0x89][0xa3][0xb7][0x1e][0xa9]8[0xbc]kN[0xb7][0x13][0xeb][0xcd][0x91]V[0xc2]b[0xf7][0xfe][0xc0][0xc6][0xe][0xd2][0xf2]Y[0xec][0xce][0x1b][0x90][0xd8]A[0xd4][0xb6][0x83][0xc8]Q[0x88][0x1][0x8][0xec][0x8e][0x1a][0xe0][0x88]D[0xd4][0x9e][0xd8][0x9d]7 [0x11][0x89][0xa8]U[0x7][0x8f][0xa3][0x6][0xf7]t[0x98]9[0xd2][0x8a][0x8c]A[0x14]f[0x88][0x1c][0xe9]R[0x9a]][0x9a][0x87]1[0xee][0x81]H][0xa0]5uD[0xad]A06G[0x9a][0x85][0xc2][0xee][0xd5][0x81][0xcd]RH'[0xcb]bw[0x1e][0xc2][0xd3][0xf4][0xab][0xb9][0x90]f[0xb5][0xb0];j`[0xc3][0xc]iy4v[0xe7][\r]D[0x98]![0xad]o[0xc6][0xee][0xa8][0x1][0xe]3[0xc4][0xf0]9v[0xe7][\r]H[0x98][\r][0xee][0xea][0xe]i[0xf2]n[0x10][0x85][0x19][0xa1][0xea]n@[0xd3][0x99][0x5][0xe8]4[0xdc][0xc1][0xd6][0x12]G^"J[0x93][0x8d][0xc4]4[0xec]E /[0x8][0x1d]znG[0xd4][0xe8][0xd8]3[0xd0][0x0][0xa7]UB[0xc5][0xcf][0x0][0x94][0x89][0x16]t[0xbb]|[0xc2][0x2][0xe9]Pc[0xba][0x8f][0x8]Y M[0x83][0xf][0xc6][0xa4]a[0x88][0x18][0xf5][0xc5][0xee][0xbc][0x81]H[0x1a]H[0x93][0xed]C[0xae](@[0xda][0x12][0x88]=@[0x7][0xb6](@:[0x11][\r][0xbb][0xf3][0x6]$[0xbe][0x11]#[0xe5][0xb4][0x9d]z[0xb0]@Z[0x8e]0[0xf4]R[0x16][0xa2]A[0x4][0xe]%[0xc7][0xa2][0xcc][0xf4][0xc4][0xfc][0x12][0xd0]m|.[0xa9][0xc5][0xc9]E[0x99][0x5]%[0x99][0xf9]yJVJTY[0x11]`[0x81][0xb4][0x9e]b[0xc8][0x5][0x15][0xd2][0xc9]r[0xf4]Y=h[0x81]t[0xc2][0x1c]8rh[0xb5][0xb3][0xc9][0xd8][0x2][0xe9][0x94]9z[0xf9][\r][0xd1]|[0xa0][0xb5][0xdf][0xe8]V[0x10] [0x9d][0xbb]Fc?![0x9d][0x92]Fk[0x9b][0x10][0x93]OC.[0xc7]"[0xed][0xf6][0xa0]q(![0x1d][0xb6][0x84][0xd3]&D%H[0xf4][\n]"
19:17:13.992 [main] DEBUG org.apache.http.wire -  << "*[0xb][0xa4][0x83][0x90][0x14]0F[0xf4][0xa8]S$[0x83]VkC[0xfb][0x9c]8[0x9d]N[0x1d][0x9b][0x90][0x96]A[0xc][0xb9][0xa4][0x84][0xb4][0x8a][0x82][0xd6][0xa1][0x84]h<[0xd3][0xda]&z-[0xf0][0xb2][0xa0][0xdb][0xe2][0xc][0xb][0xba][0x1d][0x13]E[0xb7]k[0x82][0x8c]-L[0xe9]V[0x81]![0x1d]H5[0xe4]r([0xd2][0x12][0x8d][0xa1][0xe7][0xf6]!\[0xc9]"-[0x10][0x19]z[0xe1][0x8e]([0x1][0x87][0x9e][0xdb][0x11][\r][0xe8][0xcc][0xbc][0x94][0xfc][0xdc]L[0xcc][0xab][0x14][0x13][0xb3]K[0x15][0x8a]K[0xb3][0x13][0x15][0x10][\n]"
19:17:13.992 [main] DEBUG org.apache.http.wire -  << "[0xa0][0xdb]F[0x8d][0x88][0xbd]R[0xce][0xd8][0x2]i[0xf1][\n]"
19:17:13.992 [main] DEBUG org.apache.http.wire -  << "[0xb4]>2$[0xa9]%B[0xb7][0x89]7[0xb]3[0xc4][0x4];N[0x97]"[0x1a]a[0xf8]v[0xce]Rq![0x8b][0x85]9z}^lZ[0x8c];[0x0][0xd1][0x8f] 333#n[0xaa][0xd6][0x2]i[0xaa][0x16][0x11][0xdd][0xa8]}x[0xaa][0xa4][0x7][0xa4][0xb][0xb9]hk[0xf]"6ik[0xf]b[0x4][0x84][0xa6][0xf6] [0xcd][0xbb][0xd2][0xd6][0x1e]Dz[0xa3][0xad]=H[0xad][0x92][0xca][0xbc][0xd4][0xa2][0xf4]L[0xf0][0xf6][0xe][0xf0]Q$8[0xe]][0x7][0xdd][0xfa][0x8a][0xc8][0x80]F[0x96][0xa0]][0xb5][0xc4][0xec][0xb8][0xb0]D[0xda][0x9e][0x87][0xb8][0xb4][0x13]d[0x9a][0x2][0x8e][0x8b]Oa[0xb7]l"l37[0x7]eD[0xe2]lC[0xd4][0xc6][0xc1]9[0xa9][0xa9][0xd9][\n]"
19:17:13.992 [main] DEBUG org.apache.http.wire -  << "[0xd0][0x1b]9[0x15]p\F[0x8a][0xe5][0x1a]M[0x3][0xd0]6s[0xe2],C[0x4][0xe3][0x10][0xab][0x82]LL[\r][0x10]3T[0xd0][0x2][0x97]6[0xbb][ML[0x91]v[0x18][0xd2][0xfc]L<[0xa4][0x99][0x1d]<v!R[0x16][0xb1][0xbd]y[0x13]S[0xa4]y[0x11]<&S[0xa3][0xb3]mb[0x8a]t[0xc9][0xe][0x8d][0xe3][0x6]i\t[0xb0][0x8c][0xfe][0x9b][0x98][0xd2]k[0xe8][0xd4][0xc4][0xd4][0x8][0xb1]6[0x84][0xd6][0x1][0x8d](*hl[0x13][0xd2][0xda][\r]_[0xd0][0xf1]#[0xc1][0xf9][0xc9][0xc9][0xa9]E[\n]"
19:17:13.992 [main] DEBUG org.apache.http.wire -  << "[0x98]g[0x1d]$[0xe7]'%*$[0x17][0xa5][0x82][0xce][0xba])[0x80][0x9e]c[0x2]R[0x5]mf[0x82][0xf7]U[0x13]Q[0xc][0x9a][0x80][0xf][0xa3][0x83][0x8e]B[0xd1][0xc7]F3[0xa4]:[0x5][0xd9]F[0xcc][0xd3][0x15][0xb0][0xf9][0x11][0xa4][\n]"
19:17:13.993 [main] DEBUG org.apache.http.wire -  << "[0xab][0x1f][0x8d]u[0x94][0x9c][0x13]KR[0xd3][0xf3][0x8b]2S[0x8b][0x95][0xac][0xa2][0x11]G:[0x98][0x98]![0xb5][0x0]h[0x1b]fH[0xc7][0xe][0x4]$[0xe6]$[0xfa][0xe4][0xfb][0x80][0xce]g@m[0xc][0xc2][0x8b][0x19][0xf4]&[0xa7][0x91][0xa5]%h[0xeb][0x1f]1[0xd1]f[0x81]T[0x3]x[0xe6][0x15][0x94][0x96]([0xe4]%[0xe6]b[0xf6]C R)H[0xf3]I:J[0xd0][0xd0]#[0xba][0xf0][0xb4]@:[0xe][0x9]b[0x1e][\r][0xad]Bt[0xad]h[0x1b]Qt[[0xaf]`b[0x81][0xd4]M[0xf7]HM,[0xab]Tp)-[0xa9]T[0x80]^[0xd8][0x8d][0xfd]zp[0xe7][0xfc][0xdc][0xdc][0xfc][0x94]L[0x85][0xd4][0xc4][0xa2][0xd2]\[0x85][0xe4][0xfc][0xbc][0xe2][0xd4][0xc2][0xd2][0xd2][0xbc][0x92][0xd2]"[0x85][0xd2][0x12][0x85][0xc4][0x14][0x85]b[0xd0][0xed][0x15][0xa9]%H[u[0x8d]@[0xb9][0x8a][0xa8][0x94][0x83]tR[0xe6]Pk[0xf7]X [0x15][0x8f]4M[0x1f][0xc6][0x16]H[0x1b][0x80]im[0x13][0x9d][0xda]r[0xc6][0x16]H;c[0x1d]S[0x8b][0xf2]S*[0xf3][0x12]s3[0x93][0x15][0x2]r [0xfb][0xc3]C[0x12][0x93]r0[0x8b][0x10][0xd7][0x8a][0x82]T[0xd0][0x99]j[0xa0][0x94]W[0x96][0x9a][0xa3][0x90][0x9c]_[0x4]:[0x98][0x8b][0xac][0xfb][0x91],L[0xc]t[0x94][0xa0][0x95]M0R[0xd7][0xc5]'3/5O[0xc1])1[0x1d][0xa3]{[0xee]Z\[0xa2][0x90]ZT[0x94]_[0xa4][0x90][0x97][0x99][0x91][0x99][0x3][0xbd][0xa0][0xa9]83[0xaf]D[0xa1]([0x15][0x94]9Jsr[0x12][0xc9][0xba][0xb8][0xc5][0x82]n[0xbb]w-L[0x10][0x1d]C[0x1a][0xa7]%[0xba]][0xa7]bA[0xb7][0x1d][0xc9][0x16]t[0xbb][0xb8][0xc5][0xc2][0x14]1[0xf0]1[0xc4]JFc[0xb][0xa4][0xad]d[0xd0]46X[0x7][0xb]1[0xf7][0x97]a[0xba][0x14][0xd1][0xc7][0xa3][0xdb]`![0xd2][0xd0]C~^[0xa5][0x2][0xed]V|`^[0x8c][0x80][0xe9]x[0x13][0x11][0xcb]=[0x0][0xf4][0x1b][0xd6]E:*[0x11]g[0x9a][0x1a][0x80][0x98][0xc2]h#[0xe][0xda][0xf0][0xc3][0xe8]6b[0xba]t[0x0][0xc2][0xf]Q[0xca]a[0x1f]5[0x18][0xd8]%[0x8d][0xa0][0xf1];h[0x13][0x1][0xbb][0xf3][0x10]!F[0xbf][0x9c][0x80][0xb4]/[0x8e][0xa6]C[0xbb][0x16][0x18]-[0x5][0xcc][0x14]38[0xca][0x6][0xa4][0xad]x[0x83][0xa8]l[0xb0][0xc0]hK[0xf][0xda][0xf0][0xc3][0x18][0xbc][0xc2]t)"[0xa5][0xd3][0xab][0x16]D:g[0x9d][0xa6][0xe9][0x1c][0xf9]$C[0xf0]@?l$_[0x1]{[0x87][0xd8]'5[0xb1]$#[0x15][0xe9][0xd0]([0xb]#[0xd0]a D[0xf4]w[0x8d]Q[0xfa][0x8c]`[0xbb][0xc2][0xf3][0xf3]s[0x88][0x9f]Q02[0x2][0x95]H[0xc4][0xd9][0x84][0x98][0xd0]B[0xee][0xdd][0x4]g[0xe6]d+8c[0xbd][0xa2][0x12]r[0x4]2"[0x9e][0x8d][0x8c]@[0x93][0x89][0xc4]Xf[0x89]t~<[0xe2][0x88]/[0x88]y[\n]"
19:17:13.993 [main] DEBUG org.apache.http.wire -  << "[0xce][0xf9]X[0xee][0x8f][0xf][0x86][0x1c][0x95][0x9d]Z[0xa2][0x80]8&[0x1b]i[0x0][0xc1][0x90][0xc8][0x1][0x4]cK[0xa4][0xa1]'doBO[0xc9][0xf7][0xce][0xcb]L[0xc3][0xec]EB[0x1c][0x86][0xf0][0xa8][0x85]%[0xa8][0x83]M[0x9c]G[0x11]9e[0xa8][0xb5][0xca]-[0x91][0xef]s[0x0][0xa7]=[0xe8][0x19]l[0x1][0x89]y%[0x98]s[0xd1]A[0xa5]II[0xc8][0x89][0xdc][0xd4][0xcc][0x9c][0xb8]#[0xcb][0x8d]-[0x91][0xa6]i 3g[0xf0][0xc][0x85][0xdd]*h[0x9f][0x1f][0x11]![0x96][0x16][0xa6]F[0xc4][0xcd]w["M[0xd3] [0xf]#[0xc0]m[0xf4]N[0xad]L[0xca]O,[0xc2][0xbc]e[0x3]#[0x17][0x9b][0x81][0xf]b$*[0x15] m[0xbc][0x19]r[0xa9][0x0][0xe9][0xe][0xab][0xe0][0xdc][0xc4][0x9c][0x1c][0x5]xPa/[0x15][0xb0]D[0xe](![0x11][0x17]N[0x88][0x16][0x84]g^IjNNfzj^[0x89][0x2]d[0x84][0x5]{Z[0x0]O[0x1c]#R[0x82][0xb9][0x85][0xa1])[0x91])[0x1]ig[0xf][0xd2][0xd0]&[0xdc]w8[0x13][0x2]h[0x2][0x19][0xd9]B[0xd0]P[0xc]q[0xbe]C[0xd4][0xef][0xf0][0x8b][0xbe][0x9d][0xf3]KJ[0xf2][0xf3]p[0x15][0xe8][0x90][0xc][0x87][0xb0][0xcc][0x4][0x9c]U[0x88][0xb3][0xc]Q[0xf0] [0x97]s [0xc7]+8[0xa5][0xe6]%c[0xde][0xc4][0x83]Y[0xca][0x81][0x6][[0x89][0xb3][0xc][0xd1][0xab][0x9](JL.[0xc9]LN[0xcc][0x81]]o[0xec][0x81][0xa5]4[0x87][0xce][0x8c]#<fj[0xc][0xda][0xe2]A[0x9c]]H[0xfd][0x12]pz[0xc]H[0x4][0xdd]o[0x82][0xbd][0xea]E[0xf]@#c[0xd0][0x96][0x5][0xe2][0xec]A[0xf4]4[0x82]J[0xc1]k[0x14][0xa0]u[0x4][0xd6][0xfa][0x9]"[0x87][0xf0][0x90][0xa5])[0xf1][0x16]!*^[0xe4][0x12][0x9]R[0x9e]*`[0xb]>[0x88][0x14][0xc2]2#[0x13][0xd0][0xe9][0xf9]D[0xf9][\n]"
19:17:13.993 [main] DEBUG org.apache.http.wire -  << "[0x14][0xcc][0xd0][0xe][\n]"
19:17:13.993 [main] DEBUG org.apache.http.wire -  << "[0xd2]M[0xd4][0x90][0xc][0x86]=?[0xa3][0x7][0xa1][0x99]1([0xe3][0x10]g[0x19]";[0xfb]d[0xa6]g[0x94][0x94][0xa7][0x82]H[0x5][0x88][0x89]X}[0x6][0x99]X@[0xf8][0xcc][0xd4][0x12][0xb4]e[0x81]8[0xcb][0x10][0xb9]k[0xc8][0x95][0xb1][0xc8][0x93][0xc1][0xe0]4[\r][[0x88][0xa2][0x80][0xbd][0xd0][0xc3](c[0xcd],L[0x8d][0x89],[0xf6][0x8c][0x10]y[0x15]^[\n]"
19:17:13.993 [main] DEBUG org.apache.http.wire -  << "A[0xb2][0x10][0xb6][0xa4][0x86]Q[0xeb][0x19][0x81]/`#.F[0x10]9[0x15]~[0x1b][0x11][0xbc]x[0xc5][0xee]1[0xf4]ldd[0x1]:|[0x9d]8[0xdb][0x10][0xf9][0x15]9[0x1b][0xe1][0xf6][0x1a][0xa8]e[0x8b]Hi[0xc4][0x1f][0xe4]j[0x89][0xb4]_[0xc7][0xb1]<[0xb5]8?7U[0x1]Z[0x8c]c[0xbf][\r][0x4][0xad][0x8a][0xb2][0xb0]$[0xf6]dZp[0xe2][0x87][0xe6]V[0xc4][0x2]&x[0xda][0xc0]Q[0x10][0x81]*[0x14][0x84][0xbf],,@+[0xef][0x88][\n]"
19:17:13.993 [main] DEBUG org.apache.http.wire -  << "Ac[0xc4]("[0xc2]6hQ[\r][0x9a]g)[0xc1]l[0x19][0x83][0xaa][0x13][0x84]][0xc6][0xc6][0xa0][0x3]9[0x88][0xb3][0xb]Q4@KWH[0xd6][0xc7]a[0xf]F[0x82]77[0x4][0x8d]6[0x10]g[0x15]b[0xb5].<[0x19]B[0x93][0xb5][0x2][0xd6][0xe3][0x84][0xa1]^F[0xf8][0xcb][0xc2][0x90][0xe8][0xa6],[0xd2][0x9d]4[0xb0][0x9b]b[0xe0]I[0x1e]{[0xb5][0xb][0xea][0xd0]![0xac]2#~[0x9][0x18][0xd2][0xa1][0xb4]C[0xae][0xc0]C[0x9a][0xcc]C[0xae][0x19][0xe0]I[0xdb]='[0xbf],[0x15][0xb3][0x8f][0x81][0x9a][0xdc]LM@sS[0xc4][0xa5][0x1]D[0x1d][0x8b]l[0x1f]<j[0xb0][0x15]}[0xa8][0x11]cj[0x8]:[0xa0][0x87]([0xcb][0x90][0xe6][0x9][0x91]-[0x83]&p[0xe7][0x8c][0xc4]L[0xd0]X[0x0][0xea][0xb2][\n]"
19:17:13.993 [main] DEBUG org.apache.http.wire -  << "[0xf4]*[0xdd][0xc4][0x10]tH[0x11]q[0xd6]![0xb2]-R[0x95][0xe].tp,[0xa8][0x4][0xcb]![0xd2][0x9c][0x91]1[0x91][0xb]7[0x8c]-A[0x1][0xe]-[0x90][0x90][0xec][0x82]V[0xe8][0xd8][0xdb][0xf][0xb0]8E[0xd8]g[0xc]>[0xad][0x91]8[0xbf]![0xe5][0xdd][0xa2][0xf4][0xfc][0xbc]|[0xd0][0x94]/[0xbc][0xb0][0xcd][0xc7][0x92]DPKusC[0xd0]u[0xa1][0xc4]Y[0x85]h? 7[0x98][0xa1][0xb1][0x86]#[0x81][0xa4][0xa4][0x82]N[0xcc][0x82].J1[0x3][0x7][0xf]q[0x96]!Z[0xe7][0xf0][0xdb][0xc3] 5[0x15][0xf6]v,z[0x8c][0x99][0x80]F0[0x89][0xb1][0x9][0x0][0x0][0x0][0xff][0xff]"
19:17:13.993 [main] DEBUG org.apache.http.wire -  << "[\r][\n]"
19:17:13.993 [main] DEBUG org.apache.http.wire -  << "A0[\r][\n]"
19:17:13.993 [main] DEBUG org.apache.http.wire -  << "[0xb2]D[0xde]b[0x8]nZ@K7[0x1c][0x5]-T[0x16][0x11]Y[0x96][0xa6][0xa0][0xa3]5[0x89][0xb3][\n]"
19:17:13.993 [main] DEBUG org.apache.http.wire -  << "Q[0xdf]c[0xc][0xea]`[0xb]?p[0xab][0x13]a[0x93][0x99][0x1][0xd1][0xa3]*[0xc8][0x9b][0xf][0xc1]#[0x13][0x90]v[0x3][0xb1]~26[0x5][0x1d][0xf9]N[0x94][0x9f][0x90]6[0xf0][\r][0xb9]B[0x16]4&[0x2][0xcd][0xac][0xd0]Qn[0xda][0xac][0xb3]5[0xb6][0x4]5>[0xa1]6![0x97]x[0xd0]Z[[0x1]Gi[0xe][0x89]4D[0x2]05[0x1][\r][0xce][0x11][0x17]-[0x88][0xcc][0x8a][0xe8]p[0xc2]*u[0xec][0xe5][0x10]F[0xca]61[0x5][0xed][0xfd]"[0xce]:DvE[0x1a]*[0x0][0xd5]F[\n]"
19:17:13.993 [main] DEBUG org.apache.http.wire -  << "[0xd8]G[0xc][0xa1]>G[0xf8][0xcd][0xc8][0x90][0xd8][0x1d][0x19][0x96][0xa0][0xb1]a,[0x81][0x9]."
19:17:13.993 [main] DEBUG org.apache.http.wire -  << "[\r][\n]"
19:17:13.993 [main] DEBUG org.apache.http.wire -  << "14B[\r][\n]"
19:17:13.993 [main] DEBUG org.apache.http.wire -  << "[0x2]p[0xf4][0x7]P[0xb]=#3[0xa2][0x9b]aH{[0x4][0xa1][0xcd]0x[0x95][0x18][0x9c][0x81][0xb5]x-I[0x5][0xdf][0x96][0x5]-[0xf2],MAC[[0xc4][0x85]![0xa2]}[0xe][0xb5][\n]"
19:17:13.993 [main] DEBUG org.apache.http.wire -  << "[0x12][0xff]8[0x6][0x97][0xc1][0xde]E[0x84][0x9f][0x89]!h[0x16][0x8b]8[0x8b][0xb0][0xd7][0xf5][0xe0][0xd8][0xc2]^[0xf9][0x82]K^$[0xbb][0x88]o[0xc6][0x82]R[0x10]4[0xae][0xe0][0x9d])[0xa8][0xb7][0xb0]wp0[0x12][0x86][0x85][0x11]h[0xd5]%Q[0x1e][0x3]u[0x1b][0xa0][0x96]![0x8f][0x8e][0x81][0xda])8[0x92]!Z[0x9]ki[0x8][0xea]h[0x12]g[0x17][0xa2]}[0x8e][0x92][0xa3][0xa1]c-99[0xa9]%[0x18][0xcb][0x9d][0xd0][0xa2][0xcc][0x1c]|[0x1d]-q[0xb6]![0xb2]3R[0xfe][0x82]6+[0xb0]7[0x9b][0xd1][0xbc]FB[0xf3][0xc][0x94][0x11][0xa1][0xc1]8[0xe4][0x8a]t[0xcc]]u[0xb4]*[0xd2]1w[0xc5][0xd1][0xcc]&D~[0xa5]q5[0x85][0xb4]x[0x87][0x96][0x13][0x84][0x96][0xa0]-C[0xd0][0x14]F[{[0x10][0xd9][0x86][0xb6][0xf6] b[0x88][0xa6][0xf6][0x80][0x8a]xz[0x84][0x1b]h[0x9a][0x12]jO@[0xb0][0x2]f[0xba]NO[0xcc]MU0U(.[0x1]_[0xe4][0xb][0xad][0xea][0xf0][0xaf][0xd7]@,[0xd8]7[0xb6][0x4][0xf5][0xdc][0xa0][0xc6][0xd3]8A[0x83][0xba][0xa4][0xf4][0xb1][0x9]4[0xc]G'[0x9b][0x10][0xdd]Y[0x1a][0x87][0x1e][0xa8][0xe2][0xa5][0x93][0x9f][0x10][0xdd]X[0x9a][0xfa][0xc9][0xc4][0x0]y[0xb6][0x8e][0x96]+[0x1]M[0xc][0x90]v[0xa5][0xd1][0xda]O[0xf4][0xb]=D[0x81]Jk?!z[0x14][0xb4][0xb6][0x9]<[0xde][0xf][0x0][0x0][0x0][0xff][0xff]"
19:17:13.994 [main] DEBUG org.apache.http.wire -  << "[\r][\n]"
19:17:13.994 [main] DEBUG org.apache.http.wire -  << "145[\r][\n]"
19:17:13.994 [main] DEBUG org.apache.http.wire -  << "[0xca]MU[0xb2]R[0xa2][0xb5]M[0x88][0xfe]f@F~^[0xaa]!h[0xbf][0x13][0xea]8[0x17]x[0xd7]Pj[\n]"
19:17:13.994 [main] DEBUG org.apache.http.wire -  << "[0xec]fj[0xa4]F7[0xe8]Bu"[0x1a][0x8b]&[0x6]H[0xe7][0xe6][0xd1][0xda]C[0x88]z[0x8f][0xc6]6!M[0xcb][0xd1][0xda]&:[0x15][0xaf]&[0x6]F[0x88].[0x4][0xad][0xfd]D[0xb7][0x2][0x2][0xe9]jB[0xe2][0xfd][0x84]H[0xe4]Do[3[0x0][\r]P[0xd1]'[0xd7]"[0x8d]V[0xe7]f[0xe6]dc[0xf4][0xea][0x10][0xae][0xc7][0xb7][0x8e][0xf][0xd1][0xfe]11[0x0]-[0x88][0x80][0xba][0x9d]Z&""[0x98].[0xe7][0xc][0x9a][0x18] [\r][0x9b]z[0x16][0x80][0xca]2[0x5]CC[0x5]3[0x13][0x85][0xf4]$[0x8c][0x0][0xc2][0xb7][0xa4][0x95][0xf8][0x8]G:[0xeb]j[0xb0][0xac][0x1c]61@[0x1a][0x8a][0xa2]](P[0xef][0xd4][0x14][0x13][0xf0][0xb8].4[0xe9][0x5]gW[0xe5][0xe7]+[0x84][0xe7][0xe7][0xa4]%g$[0x82]F[0xe9]Q+[0xa2][0xe0][0x92][0xa2][0xc4][0xca][0xec][0xcc][0x14][0xd0]$[0x13][0xb4][0x85]oh[0x6]Z[0x1c]FL[0x1d]d[0x8a]4U[0x1a][0x9c][0x98][\[0x9a][0x97][0xae][0x10]ld[0xac][0x10][0x9a]S[0x2][0xbe][0xd2][0x1c][0xd5]*[0xf7][0xc4][0x9c][0xc4][0x8a]J[0x92][0xf3][0x91])h8[0x1c][0xea][0x99]A[0x93]$LASEPG[0x11][0xf6]9[0xc2][0xcf][0xa4][0x84]-R#[0x8c]`[0xd8]fdV&[0x82]6)C[0xa3][0x90][0xc8]"[0xca][0x14][0xe9][0xea][0xd0][0xc1][0x13][0xb4]H[0xfb][0xdf][0x6][0x91][0xa3][0x90]b[0x83][0xa6][0x1d][\n]"
19:17:13.994 [main] DEBUG org.apache.http.wire -  << "S[0xa4][0xad]r[0x11]N[0x0][0x0][0x0][0x0][0xff][0xff]"
19:17:13.994 [main] DEBUG org.apache.http.wire -  << "[\r][\n]"
19:17:13.995 [main] DEBUG org.apache.http.wire -  << "1C9[\r][\n]"
19:17:13.996 [main] DEBUG org.apache.http.wire -  << "[0xf2][0x8f][0xc0][0xb7][0xa2][0x1c]_[0x9c][0x9a][0x5][\n]"
[...]
19:17:20.487 [main] DEBUG org.apache.http.wire -  << "[\r][\n]"
19:17:20.487 [main] DEBUG io.restassured.internal.RestAssuredHttpBuilder - Parsed data to instance of: class org.apache.http.conn.EofSensorInputStream
19:17:20.489 [main] DEBUG org.apache.http.impl.conn.BasicClientConnectionManager - Releasing connection org.apache.http.impl.conn.ManagedClientConnectionImpl@36f497b1
19:17:20.489 [main] DEBUG org.apache.http.impl.conn.BasicClientConnectionManager - Connection can be kept alive indefinitely
19:17:20.490 [main] DEBUG net.thucydides.core.steps.StepInterceptor - STEP DONE: I send HTTP api POST request
  &amp#27;[32mWhen &amp#27;[0m&amp#27;[32mI send HTTP api POST request&amp#27;[0m                                      &amp#27;[90m# starter.stepdefinitions.ProductCategorySteps.iSendHTTPApiPOSTRequest()&amp#27;[0m
19:17:20.502 [main] DEBUG net.thucydides.core.steps.StepInterceptor - STARTING STEP: ProductCategorySteps.iReceiveValidHTTPResponseCodeInProductCategory - I receive valid HTTP response code 200 in product category
19:17:20.504 [main] DEBUG net.thucydides.core.steps.StepInterceptor - STEP DONE: I receive valid HTTP response code 200 in product category
  &amp#27;[32mThen &amp#27;[0m&amp#27;[32mI receive valid HTTP response code &amp#27;[0m&amp#27;[32m&amp#27;[1m200&amp#27;[0m&amp#27;[32m in product category&amp#27;[0m        &amp#27;[90m# starter.stepdefinitions.ProductCategorySteps.iReceiveValidHTTPResponseCodeInProductCategory(int)&amp#27;[0m
19:17:20.511 [main] DEBUG net.thucydides.core.steps.StepInterceptor - STARTING STEP: ProductCategorySteps.iReceiveValidDataForNewProductCategory - I receive valid data for new product category
19:17:20.511 [main] DEBUG net.thucydides.core.steps.StepInterceptor - STEP DONE: I receive valid data for new product category
  &amp#27;[32mAnd &amp#27;[0m&amp#27;[32mI receive valid data for new product category&amp#27;[0m                      &amp#27;[90m# starter.stepdefinitions.ProductCategorySteps.iReceiveValidDataForNewProductCategory()&amp#27;[0m
19:17:20.524 [main] INFO  - 
  _____   ___   ___   _____     ___     _     ___   ___   ___   ___  
 |_   _| | __| / __| |_   _|   | _ \   /_\   / __| / __| | __| |   \ 
   | |   | _|  \__ \   | |     |  _/  / _ \  \__ \ \__ \ | _|  | |) |
   |_|   |___| |___/   |_|     |_|   /_/ \_\ |___/ |___/ |___| |___/ 

POST As an admin I have be able to create new product category
----------------------------------------------------------------------
]]></system-out>
  </testcase>
  <testcase name="GET id product category" classname="category" time="0.309">
    <system-out><![CDATA[
Scenario: GET id product category                                         &amp#27;[90m# src/test/resources/api/productcategory.feature:14&amp#27;[0m
19:17:20.554 [main] INFO io.cucumber.core.plugin.SerenityReporter - Running feature from file:///E:/RestAPi/src/test/resources/api/productcategory.feature
19:17:20.554 [main] WARN io.cucumber.core.plugin.SerenityReporter - Feature from file:///E:/RestAPi/src/test/resources/api/productcategory.feature is not under the 'features' directory. Requirements report will not be correctly generated!
19:17:20.558 [main] INFO  - 
  _____   ___   ___   _____     ___   _____     _     ___   _____   ___   ___  
 |_   _| | __| / __| |_   _|   / __| |_   _|   /_\   | _ \ |_   _| | __| |   \ 
   | |   | _|  \__ \   | |     \__ \   | |    / _ \  |   /   | |   | _|  | |) |
   |_|   |___| |___/   |_|     |___/   |_|   /_/ \_\ |_|_\   |_|   |___| |___/ 

GET id product category(category;get-id-product-category)
--------------------------------------------------------------------------------
19:17:20.605 [main] DEBUG net.thucydides.core.steps.StepInterceptor - STARTING STEP: ProductCategorySteps.iSetTheGETApiEndpointsByIdcategory - I set the GET api endpoints by id
19:17:20.606 [main] DEBUG net.thucydides.core.steps.StepInterceptor - STEP DONE: I set the GET api endpoints by id
  &amp#27;[32mGiven &amp#27;[0m&amp#27;[32mI set the GET api endpoints by id&amp#27;[0m                                 &amp#27;[90m# starter.stepdefinitions.ProductCategorySteps.iSetTheGETApiEndpointsByIdcategory()&amp#27;[0m
19:17:20.637 [main] DEBUG net.thucydides.core.steps.StepInterceptor - STARTING STEP: ProductCategorySteps.iSendHTTPApiGETRequestByIdcategory - I send HTTP api GET request by id
19:17:20.642 [main] DEBUG net.thucydides.core.steps.StepInterceptor - STARTING STEP: GetIdProductCategory.GETRequestByIdcategory - I set the GET api endpoints by id
19:17:20.642 [main] DEBUG net.thucydides.core.steps.StepInterceptor - STEP DONE: I set the GET api endpoints by id
19:17:20.689 [main] DEBUG org.apache.http.impl.conn.BasicClientConnectionManager - Get connection for route {s}->https://altashop-api.fly.dev:443
19:17:20.690 [main] DEBUG org.apache.http.impl.conn.DefaultClientConnectionOperator - Connecting to altashop-api.fly.dev:443
19:17:20.775 [main] DEBUG org.apache.http.client.protocol.RequestAddCookies - CookieSpec selected: ignoreCookies
19:17:20.775 [main] DEBUG org.apache.http.client.protocol.RequestAuthCache - Auth cache not set in the context
19:17:20.775 [main] DEBUG org.apache.http.client.protocol.RequestTargetAuthentication - Target auth state: UNCHALLENGED
19:17:20.775 [main] DEBUG org.apache.http.client.protocol.RequestProxyAuthentication - Proxy auth state: UNCHALLENGED
19:17:20.775 [main] DEBUG org.apache.http.impl.client.DefaultHttpClient - Attempt 1 to execute request
19:17:20.775 [main] DEBUG org.apache.http.impl.conn.DefaultClientConnection - Sending request: GET /api/categories/13064 HTTP/1.1
19:17:20.775 [main] DEBUG org.apache.http.wire -  >> "GET /api/categories/13064 HTTP/1.1[\r][\n]"
19:17:20.775 [main] DEBUG org.apache.http.wire -  >> "Accept: */*[\r][\n]"
19:17:20.775 [main] DEBUG org.apache.http.wire -  >> "Host: altashop-api.fly.dev[\r][\n]"
19:17:20.776 [main] DEBUG org.apache.http.wire -  >> "Connection: Keep-Alive[\r][\n]"
19:17:20.776 [main] DEBUG org.apache.http.wire -  >> "User-Agent: Apache-HttpClient/4.5.13 (Java/19.0.2)[\r][\n]"
19:17:20.776 [main] DEBUG org.apache.http.wire -  >> "Accept-Encoding: gzip,deflate[\r][\n]"
19:17:20.776 [main] DEBUG org.apache.http.wire -  >> "[\r][\n]"
19:17:20.776 [main] DEBUG org.apache.http.headers - >> GET /api/categories/13064 HTTP/1.1
19:17:20.776 [main] DEBUG org.apache.http.headers - >> Accept: */*
19:17:20.776 [main] DEBUG org.apache.http.headers - >> Host: altashop-api.fly.dev
19:17:20.776 [main] DEBUG org.apache.http.headers - >> Connection: Keep-Alive
19:17:20.776 [main] DEBUG org.apache.http.headers - >> User-Agent: Apache-HttpClient/4.5.13 (Java/19.0.2)
19:17:20.776 [main] DEBUG org.apache.http.headers - >> Accept-Encoding: gzip,deflate
19:17:20.813 [main] DEBUG org.apache.http.wire -  << "HTTP/1.1 200 OK[\r][\n]"
19:17:20.814 [main] DEBUG org.apache.http.wire -  << "content-type: application/json[\r][\n]"
19:17:20.814 [main] DEBUG org.apache.http.wire -  << "date: Wed, 10 May 2023 12:17:22 GMT[\r][\n]"
19:17:20.814 [main] DEBUG org.apache.http.wire -  << "content-encoding: gzip[\r][\n]"
19:17:20.814 [main] DEBUG org.apache.http.wire -  << "transfer-encoding: chunked[\r][\n]"
19:17:20.814 [main] DEBUG org.apache.http.wire -  << "server: Fly/3f2597ca (2023-05-03)[\r][\n]"
19:17:20.814 [main] DEBUG org.apache.http.wire -  << "via: 1.1 fly.io[\r][\n]"
19:17:20.814 [main] DEBUG org.apache.http.wire -  << "fly-request-id: 01H02SGEVGNC25NJD730MCJRXG-sin[\r][\n]"
19:17:20.814 [main] DEBUG org.apache.http.wire -  << "[\r][\n]"
19:17:20.814 [main] DEBUG org.apache.http.impl.conn.DefaultClientConnection - Receiving response: HTTP/1.1 200 OK
19:17:20.814 [main] DEBUG org.apache.http.headers - << HTTP/1.1 200 OK
19:17:20.814 [main] DEBUG org.apache.http.headers - << content-type: application/json
19:17:20.814 [main] DEBUG org.apache.http.headers - << date: Wed, 10 May 2023 12:17:22 GMT
19:17:20.814 [main] DEBUG org.apache.http.headers - << content-encoding: gzip
19:17:20.814 [main] DEBUG org.apache.http.headers - << transfer-encoding: chunked
19:17:20.814 [main] DEBUG org.apache.http.headers - << server: Fly/3f2597ca (2023-05-03)
19:17:20.814 [main] DEBUG org.apache.http.headers - << via: 1.1 fly.io
19:17:20.814 [main] DEBUG org.apache.http.headers - << fly-request-id: 01H02SGEVGNC25NJD730MCJRXG-sin
19:17:20.814 [main] DEBUG org.apache.http.impl.client.DefaultHttpClient - Connection can be kept alive indefinitely
19:17:20.814 [main] DEBUG io.restassured.internal.RestAssuredHttpBuilder - Parsing response as: application/json
19:17:20.814 [main] DEBUG org.apache.http.wire -  << "5A[\r][\n]"
19:17:20.814 [main] DEBUG org.apache.http.wire -  << "[0x1f][0x8b][0x8][0x0][0x0][0x0][0x0][0x0][0x4][0xff][0xab]VJI,IT[0xb2][0xaa]V[0xf2]tQ[0xb2]24603[0xd1]Q[0xf2]K[0xcc]MU[0xb2]RJO[0xcc][0xcd][0xcc]KW[0xd2]QrI-N.[0xca],([0xc9][0xcc][0xcf]S[0xb2]RJ[0xcb]/R[0x80]H)[0x14][0x94][0x16][0x15][0xe4][0x17][0xa7][0x16]+[0xd5][0xd6]r[0x1][0x0][0x1a][0xaa]t[0xb4]J[0x0][0x0][0x0]"
19:17:20.814 [main] DEBUG org.apache.http.wire -  << "[\r][\n]"
19:17:20.815 [main] DEBUG org.apache.http.wire -  << "0[\r][\n]"
19:17:20.815 [main] DEBUG org.apache.http.wire -  << "[\r][\n]"
19:17:20.815 [main] DEBUG io.restassured.internal.RestAssuredHttpBuilder - Parsed data to instance of: class org.apache.http.conn.EofSensorInputStream
19:17:20.816 [main] DEBUG org.apache.http.impl.conn.BasicClientConnectionManager - Releasing connection org.apache.http.impl.conn.ManagedClientConnectionImpl@435a2c7d
19:17:20.816 [main] DEBUG org.apache.http.impl.conn.BasicClientConnectionManager - Connection can be kept alive indefinitely
19:17:20.817 [main] DEBUG net.thucydides.core.steps.StepInterceptor - STEP DONE: I send HTTP api GET request by id
  &amp#27;[32mWhen &amp#27;[0m&amp#27;[32mI send HTTP api GET request by id&amp#27;[0m                                  &amp#27;[90m# starter.stepdefinitions.ProductCategorySteps.iSendHTTPApiGETRequestByIdcategory()&amp#27;[0m
19:17:20.821 [main] DEBUG net.thucydides.core.steps.StepInterceptor - STARTING STEP: ProductCategorySteps.iReceiveValidHTTPResponseCodeForGETIdProductCategory - I receive valid HTTP response code 200 for GET id product category
19:17:20.823 [main] DEBUG net.thucydides.core.steps.StepInterceptor - STEP DONE: I receive valid HTTP response code 200 for GET id product category
  &amp#27;[32mThen &amp#27;[0m&amp#27;[32mI receive valid HTTP response code &amp#27;[0m&amp#27;[32m&amp#27;[1m200&amp#27;[0m&amp#27;[32m for GET id product category&amp#27;[0m &amp#27;[90m# starter.stepdefinitions.ProductCategorySteps.iReceiveValidHTTPResponseCodeForGETIdProductCategory(int)&amp#27;[0m
19:17:20.828 [main] DEBUG net.thucydides.core.steps.StepInterceptor - STARTING STEP: ProductCategorySteps.iReceivedValidDataForIdProductCategory - I received valid data for id product category
19:17:20.828 [main] DEBUG net.thucydides.core.steps.StepInterceptor - STEP DONE: I received valid data for id product category
  &amp#27;[32mAnd &amp#27;[0m&amp#27;[32mI received valid data for id product category&amp#27;[0m                       &amp#27;[90m# starter.stepdefinitions.ProductCategorySteps.iReceivedValidDataForIdProductCategory()&amp#27;[0m
19:17:20.833 [main] INFO  - 
  _____   ___   ___   _____     ___     _     ___   ___   ___   ___  
 |_   _| | __| / __| |_   _|   | _ \   /_\   / __| / __| | __| |   \ 
   | |   | _|  \__ \   | |     |  _/  / _ \  \__ \ \__ \ | _|  | |) |
   |_|   |___| |___/   |_|     |_|   /_/ \_\ |___/ |___/ |___| |___/ 

GET id product category
----------------------------------------------------------------------
]]></system-out>
  </testcase>
  <testcase name="DELETE category" classname="category" time="0.346">
    <system-out><![CDATA[
Scenario: DELETE category                                         &amp#27;[90m# src/test/resources/api/productcategory.feature:20&amp#27;[0m
19:17:20.856 [main] INFO io.cucumber.core.plugin.SerenityReporter - Running feature from file:///E:/RestAPi/src/test/resources/api/productcategory.feature
19:17:20.856 [main] WARN io.cucumber.core.plugin.SerenityReporter - Feature from file:///E:/RestAPi/src/test/resources/api/productcategory.feature is not under the 'features' directory. Requirements report will not be correctly generated!
19:17:20.861 [main] INFO  - 
  _____   ___   ___   _____     ___   _____     _     ___   _____   ___   ___  
 |_   _| | __| / __| |_   _|   / __| |_   _|   /_\   | _ \ |_   _| | __| |   \ 
   | |   | _|  \__ \   | |     \__ \   | |    / _ \  |   /   | |   | _|  | |) |
   |_|   |___| |___/   |_|     |___/   |_|   /_/ \_\ |_|_\   |_|   |___| |___/ 

DELETE category(category;delete-category)
--------------------------------------------------------------------------------
19:17:20.921 [main] DEBUG net.thucydides.core.steps.StepInterceptor - STARTING STEP: ProductCategorySteps.iSetTheDELETEApiEndpointscategory - I set the DELETE api endpoints
19:17:20.922 [main] DEBUG net.thucydides.core.steps.StepInterceptor - STEP DONE: I set the DELETE api endpoints
  &amp#27;[32mGiven &amp#27;[0m&amp#27;[32mI set the DELETE api endpoints&amp#27;[0m                            &amp#27;[90m# starter.stepdefinitions.ProductCategorySteps.iSetTheDELETEApiEndpointscategory()&amp#27;[0m
19:17:20.934 [main] DEBUG net.thucydides.core.steps.StepInterceptor - STARTING STEP: ProductCategorySteps.iSendHTTPApiDELETERequestForCategory - I send HTTP api DELETE request for category
19:17:20.942 [main] DEBUG net.thucydides.core.steps.StepInterceptor - STARTING STEP: DeleteProductCategory.DELETERequestForCategory - I set the DELETE api endpoints
19:17:20.942 [main] DEBUG net.thucydides.core.steps.StepInterceptor - STEP DONE: I set the DELETE api endpoints
19:17:20.970 [main] DEBUG org.apache.http.impl.conn.BasicClientConnectionManager - Get connection for route {s}->https://altashop-api.fly.dev:443
19:17:20.970 [main] DEBUG org.apache.http.impl.conn.DefaultClientConnectionOperator - Connecting to altashop-api.fly.dev:443
19:17:21.091 [main] DEBUG org.apache.http.client.protocol.RequestAddCookies - CookieSpec selected: ignoreCookies
19:17:21.091 [main] DEBUG org.apache.http.client.protocol.RequestAuthCache - Auth cache not set in the context
19:17:21.091 [main] DEBUG org.apache.http.client.protocol.RequestTargetAuthentication - Target auth state: UNCHALLENGED
19:17:21.091 [main] DEBUG org.apache.http.client.protocol.RequestProxyAuthentication - Proxy auth state: UNCHALLENGED
19:17:21.091 [main] DEBUG org.apache.http.impl.client.DefaultHttpClient - Attempt 1 to execute request
19:17:21.091 [main] DEBUG org.apache.http.impl.conn.DefaultClientConnection - Sending request: DELETE /api/categories/11320 HTTP/1.1
19:17:21.091 [main] DEBUG org.apache.http.wire -  >> "DELETE /api/categories/11320 HTTP/1.1[\r][\n]"
19:17:21.091 [main] DEBUG org.apache.http.wire -  >> "Accept: */*[\r][\n]"
19:17:21.091 [main] DEBUG org.apache.http.wire -  >> "Host: altashop-api.fly.dev[\r][\n]"
19:17:21.091 [main] DEBUG org.apache.http.wire -  >> "Connection: Keep-Alive[\r][\n]"
19:17:21.091 [main] DEBUG org.apache.http.wire -  >> "User-Agent: Apache-HttpClient/4.5.13 (Java/19.0.2)[\r][\n]"
19:17:21.091 [main] DEBUG org.apache.http.wire -  >> "Accept-Encoding: gzip,deflate[\r][\n]"
19:17:21.091 [main] DEBUG org.apache.http.wire -  >> "[\r][\n]"
19:17:21.091 [main] DEBUG org.apache.http.headers - >> DELETE /api/categories/11320 HTTP/1.1
19:17:21.091 [main] DEBUG org.apache.http.headers - >> Accept: */*
19:17:21.091 [main] DEBUG org.apache.http.headers - >> Host: altashop-api.fly.dev
19:17:21.091 [main] DEBUG org.apache.http.headers - >> Connection: Keep-Alive
19:17:21.091 [main] DEBUG org.apache.http.headers - >> User-Agent: Apache-HttpClient/4.5.13 (Java/19.0.2)
19:17:21.091 [main] DEBUG org.apache.http.headers - >> Accept-Encoding: gzip,deflate
19:17:21.175 [main] DEBUG org.apache.http.wire -  << "HTTP/1.1 200 OK[\r][\n]"
19:17:21.175 [main] DEBUG org.apache.http.wire -  << "content-type: application/json[\r][\n]"
19:17:21.175 [main] DEBUG org.apache.http.wire -  << "date: Wed, 10 May 2023 12:17:23 GMT[\r][\n]"
19:17:21.175 [main] DEBUG org.apache.http.wire -  << "content-encoding: gzip[\r][\n]"
19:17:21.175 [main] DEBUG org.apache.http.wire -  << "transfer-encoding: chunked[\r][\n]"
19:17:21.175 [main] DEBUG org.apache.http.wire -  << "server: Fly/3f2597ca (2023-05-03)[\r][\n]"
19:17:21.175 [main] DEBUG org.apache.http.wire -  << "via: 1.1 fly.io[\r][\n]"
19:17:21.176 [main] DEBUG org.apache.http.wire -  << "fly-request-id: 01H02SGF69W3VWM7WP49P45G67-sin[\r][\n]"
19:17:21.176 [main] DEBUG org.apache.http.wire -  << "[\r][\n]"
19:17:21.176 [main] DEBUG org.apache.http.impl.conn.DefaultClientConnection - Receiving response: HTTP/1.1 200 OK
19:17:21.176 [main] DEBUG org.apache.http.headers - << HTTP/1.1 200 OK
19:17:21.176 [main] DEBUG org.apache.http.headers - << content-type: application/json
19:17:21.176 [main] DEBUG org.apache.http.headers - << date: Wed, 10 May 2023 12:17:23 GMT
19:17:21.176 [main] DEBUG org.apache.http.headers - << content-encoding: gzip
19:17:21.176 [main] DEBUG org.apache.http.headers - << transfer-encoding: chunked
19:17:21.176 [main] DEBUG org.apache.http.headers - << server: Fly/3f2597ca (2023-05-03)
19:17:21.176 [main] DEBUG org.apache.http.headers - << via: 1.1 fly.io
19:17:21.176 [main] DEBUG org.apache.http.headers - << fly-request-id: 01H02SGF69W3VWM7WP49P45G67-sin
19:17:21.176 [main] DEBUG org.apache.http.impl.client.DefaultHttpClient - Connection can be kept alive indefinitely
19:17:21.176 [main] DEBUG io.restassured.internal.RestAssuredHttpBuilder - Parsing response as: application/json
19:17:21.176 [main] DEBUG org.apache.http.wire -  << "22[\r][\n]"
19:17:21.176 [main] DEBUG org.apache.http.wire -  << "[0x1f][0x8b][0x8][0x0][0x0][0x0][0x0][0x0][0x4][0xff][0xab]VJI,IT[0xb2][0xca]+[0xcd][0xc9][0xa9][0xe5][0x2][0x0][0xa3][0xab][0x8f]W[0xe][0x0][0x0][0x0]"
19:17:21.176 [main] DEBUG org.apache.http.wire -  << "[\r][\n]"
19:17:21.176 [main] DEBUG org.apache.http.wire -  << "0[\r][\n]"
19:17:21.176 [main] DEBUG org.apache.http.wire -  << "[\r][\n]"
19:17:21.176 [main] DEBUG io.restassured.internal.RestAssuredHttpBuilder - Parsed data to instance of: class org.apache.http.conn.EofSensorInputStream
19:17:21.178 [main] DEBUG org.apache.http.impl.conn.BasicClientConnectionManager - Releasing connection org.apache.http.impl.conn.ManagedClientConnectionImpl@2fe2fcc2
19:17:21.178 [main] DEBUG org.apache.http.impl.conn.BasicClientConnectionManager - Connection can be kept alive indefinitely
19:17:21.179 [main] DEBUG net.thucydides.core.steps.StepInterceptor - STEP DONE: I send HTTP api DELETE request for category
  &amp#27;[32mWhen &amp#27;[0m&amp#27;[32mI send HTTP api DELETE request for category&amp#27;[0m                &amp#27;[90m# starter.stepdefinitions.ProductCategorySteps.iSendHTTPApiDELETERequestForCategory()&amp#27;[0m
19:17:21.186 [main] DEBUG net.thucydides.core.steps.StepInterceptor - STARTING STEP: ProductCategorySteps.iReceiveValidHTTPResponseCodeForCategoryDELETE - I receive valid HTTP response code {int} for category DELETE
19:17:21.187 [main] DEBUG net.thucydides.core.steps.StepInterceptor - STEP DONE: I receive valid HTTP response code {int} for category DELETE
  &amp#27;[32mThen &amp#27;[0m&amp#27;[32mI receive valid HTTP response code &amp#27;[0m&amp#27;[32m&amp#27;[1m200&amp#27;[0m&amp#27;[32m for category DELETE&amp#27;[0m &amp#27;[90m# starter.stepdefinitions.ProductCategorySteps.iReceiveValidHTTPResponseCodeForCategoryDELETE(int)&amp#27;[0m
19:17:21.190 [main] INFO  - 
  _____   ___   ___   _____     ___     _     ___   ___   ___   ___  
 |_   _| | __| / __| |_   _|   | _ \   /_\   / __| / __| | __| |   \ 
   | |   | _|  \__ \   | |     |  _/  / _ \  \__ \ \__ \ | _|  | |) |
   |_|   |___| |___/   |_|     |_|   /_/ \_\ |___/ |___/ |___| |___/ 

DELETE category
----------------------------------------------------------------------
]]></system-out>
  </testcase>
</testsuite>